# LGA_SNAN run on Thu Aug  7 15:23:29 2008
# SN          mJ   mJerr   mJ.5  mJerr    mJ1  mJerr    mJ2  mJerr   sbJ   Jfrac  Jdelp Jdelpe    mH   mHerr   mH.5  mHerr    mH1  mHerr    mH2  mHerr   sbH   Hfrac  Hdelp Hdelpe    mK   mKerr   mK.5  mKerr    mK1  mKerr    mK2  mKerr   sbK   Kfrac  Kdelp Kdelpe  host                 snx      sny
1885A       10.72   0.01   4.54   0.00   3.69   0.00   3.02   0.00  14.20  0.034  -1.28   0.17   9.79   0.01   3.62   0.00   2.78   0.00   2.13   0.00  13.27  0.039  -1.28   0.18   9.54   0.01   3.38   0.00   2.53   0.00   1.87   0.00  13.02  0.037  -1.28   0.18  NGC224            2565.4   2546.0
1895B       15.39   0.09  12.02   0.02  10.52   0.01   9.49   0.01  18.87  0.331  -0.52   0.37  14.90   0.08  11.46   0.02   9.97   0.01   8.92   0.01  18.38  0.327  -0.47   0.37  14.54   0.09  11.28   0.02   9.72   0.01   8.68   0.01  18.02  0.326  -0.60   0.40  NGC5253            383.3    419.0
1901B       16.51   0.14  16.52   0.14  14.97   0.07  13.29   0.03  19.99  0.641  -0.51   0.38  15.73   0.11  15.74   0.11  14.22   0.06  12.65   0.03  19.21  0.629  -0.72   0.53  15.63   0.14  15.64   0.14  14.08   0.07  12.41   0.03  19.11  0.668  -0.54   0.60  NGC4321            905.7    804.8
1909A       19.68   0.59  18.14   0.29 -99.00  -9.00 -99.00  -9.00  23.16  1.000 -99.00  -9.00  19.27   0.56  16.62   0.16  15.22   0.09  15.45   0.10  22.75  1.000 -99.00  -9.00 -99.00  -9.00  16.83   0.24  15.56   0.14  14.97   0.10 -99.00  1.000 -99.00  -9.00  NGC5457           1805.3   1624.4
1917A       15.52   0.10  13.35   0.04  11.80   0.02   9.15   0.01  19.00  0.399  -0.41   0.33  15.17   0.09  12.99   0.03  11.47   0.02   8.77   0.00  18.65  0.385  -0.43   0.33  14.78   0.10  12.53   0.03  10.97   0.02   8.18   0.00  18.26  0.416  -0.26   0.36  NGC6946            741.5    495.3
1919A       15.79   0.10  15.49   0.09  14.02   0.04  12.66   0.02  19.27  0.803  -0.57   0.30  15.37   0.09  15.07   0.08  13.57   0.04  12.04   0.02  18.85  0.837  -0.39   0.39  15.07   0.11  14.76   0.09  13.21   0.05  11.82   0.02  18.55  0.828  -0.41   0.42  NGC4486            611.1    696.5
1921B       18.49   0.36  17.49   0.22  16.11   0.12  14.46   0.06  21.97  0.863  -0.17   1.93  17.66   0.28  16.54   0.16  14.95   0.08  13.73   0.04  21.14  0.833  -0.24   2.31  17.31   0.31  16.36   0.20  15.10   0.11  13.44   0.05  20.79  0.875  -0.71   3.41  NGC3184            567.5    440.7
1921C       19.87   0.67  19.61   0.60  18.04   0.29  16.03   0.11  23.34  0.975  -4.62 364.67 -99.00  -9.00 -99.00  -9.00 -99.00  -9.00 -99.00  -9.00 -99.00  0.952 -99.00  -9.00  18.89   0.64  17.77   0.38  16.20   0.19 -99.00  -9.00  22.37  0.966  -2.07  76.47  NGC3184            520.5    364.7
1923A       14.91   0.07  11.97   0.02  10.49   0.01   9.02   0.00  18.39  0.425  -0.51   0.28  14.38   0.07  11.36   0.02   9.85   0.01   8.38   0.00  17.86  0.430  -0.41   0.29  13.97   0.07  11.04   0.02   9.58   0.01   8.13   0.00  17.44  0.444  -0.55   0.33  NGC5236            791.0   1255.1
1926A       16.91   0.19  17.69   0.27  16.11   0.13  14.45   0.06  20.39  0.649   0.62   0.59  15.96   0.14  16.71   0.20  15.20   0.10  13.69   0.05  19.44  0.658   0.23   0.62  15.73   0.16  16.48   0.23  14.97   0.11  13.41   0.06  19.21  0.667   0.32   0.71  NGC4303            409.5    473.0
1937A       16.55   0.14  15.81   0.10  14.21   0.05  12.41   0.02  20.03  0.531  -0.19   0.39  15.51   0.10  14.79   0.07  13.26   0.03  11.45   0.02  18.98  0.485  -0.36   0.39  15.60   0.14  14.83   0.10  13.13   0.04  11.18   0.02  19.08  0.564   0.08   0.44  NGC4157            353.7    443.5
1937D       16.22   0.13  13.84   0.04  12.45   0.02  10.91   0.01  19.70  0.527  -1.53   0.41  15.77   0.11  13.41   0.04  11.90   0.02  10.44   0.01  19.25  0.516  -1.47   0.48  15.37   0.13  13.03   0.04  11.67   0.02  10.24   0.01  18.85  0.523  -1.58   0.68  NGC1003            350.8    399.3
1937E       18.31   0.36  18.86   0.46  17.66   0.26  16.93   0.19  21.79  1.000 -99.00  -9.00  18.74   0.51  19.62   0.77  17.53   0.29  16.02   0.15  22.22  1.000 -99.00  -9.00  18.47   0.58  18.99   0.73  17.83   0.43  16.17   0.20  21.95  1.000 -99.00  -9.00  NGC1482            428.6    451.5
1937F       17.70   0.25  16.69   0.16  15.29   0.08  13.88   0.04  21.18  0.825  -0.68   1.55  18.27   0.37  17.03   0.21  15.02   0.08  13.39   0.04  21.75  0.795   0.60   1.95  17.29   0.31  16.17   0.18  14.34   0.08  12.90   0.04  20.77  0.836  -0.19   2.29  NGC3184            594.5    451.7
1939A       14.76   0.07  14.37   0.06  12.84   0.03  11.32   0.01  18.24  0.336  -0.13   0.10  14.08   0.06  13.69   0.05  12.17   0.02  10.65   0.01  17.56  0.332  -0.12   0.12  13.90   0.07  13.51   0.06  12.00   0.03  10.45   0.01  17.38  0.353  -0.08   0.14  NGC4636            627.6    619.7
1939B       15.43   0.09  15.10   0.08  13.55   0.04  12.03   0.02  18.91  0.656  -0.55   0.19  14.73   0.08  14.41   0.07  12.89   0.03  11.35   0.02  18.21  0.666  -0.55   0.22  14.47   0.09  14.15   0.08  12.66   0.04  11.16   0.02  17.95  0.673  -0.63   0.30  NGC4621            402.1    351.5
1939C       16.98   0.19  14.68   0.07  12.39   0.02  11.31   0.01  20.46  0.765  -0.12   0.63  16.38   0.15  14.20   0.06  12.19   0.02  10.97   0.01  19.86  0.734  -0.34   0.66  16.27   0.19  13.97   0.07  11.75   0.02  10.53   0.01  19.75  0.770   0.07   0.80  NGC6946            919.9    623.8
1940A       20.16   0.75  18.71   0.38  17.68   0.24  16.03   0.11  23.64  0.992  -1.57   4.02  18.56   0.40  17.61   0.26  16.30   0.14  14.65   0.07  22.04  0.994  -2.71   5.17 -99.00  -9.00 -99.00  -9.00 -99.00  -9.00  14.65   0.09 -99.00  0.995 -99.00  -9.00  NGC5907            662.3    491.2
1940B       16.59   0.14  15.82   0.10  14.40   0.05  12.89   0.03  20.07  0.783  -0.91   0.55  15.73   0.13  14.97   0.09  13.61   0.05  12.11   0.02  19.21  0.735  -0.84   0.57  15.78   0.15  14.97   0.10  13.48   0.05  11.99   0.03  19.26  0.763  -0.73   0.69  NGC4725            405.0    715.9
1940E       13.05   0.03   9.48   0.01   8.14   0.00   6.73   0.00  16.53  0.750  -4.13   0.30  12.28   0.02   8.68   0.00   7.32   0.00   5.88   0.00  15.76  0.777  -4.27   0.33  11.97   0.03   8.35   0.01   6.96   0.00   5.47   0.00  15.45  0.790  -4.31   0.37  NGC253            1450.5   1181.5
1941A       15.38   0.08  14.94   0.07  13.51   0.03  12.11   0.02  18.86  0.405  -1.68   0.33  14.72   0.08  14.28   0.07  12.86   0.03  11.50   0.02  18.20  0.430  -1.70   0.36  14.43   0.08  13.99   0.07  12.58   0.03  11.24   0.02  17.91  0.416  -1.78   0.41  NGC4559            730.9    726.0
1945A       12.07   0.02  10.33   0.01   9.02   0.00   8.38   0.00  15.55  0.206  -0.79   0.12  11.33   0.01   9.59   0.01   8.27   0.00   7.65   0.00  14.81  0.205  -0.80   0.12  11.08   0.02   9.31   0.01   7.96   0.00   7.35   0.00  14.55  0.229  -0.77   0.14  NGC5195            469.9   1010.4
1948B       15.90   0.11  13.78   0.04  12.42   0.02  11.14   0.01  19.37  0.800  -1.35   0.70  15.75   0.11  13.64   0.04  12.26   0.02  10.99   0.01  19.23  0.770  -1.11   0.73  15.05   0.11  12.93   0.04  11.62   0.02  10.35   0.01  18.53  0.806  -1.32   0.90  NGC6946            483.3    663.1
1951H       18.52   0.35  16.43   0.13  14.69   0.06  12.85   0.03  22.00  0.907  -0.45   2.45  17.08   0.20  15.11   0.08  13.81   0.04  12.33   0.02  20.56  0.922  -1.12   2.92  17.23   0.29  14.95   0.10  13.43   0.05  11.89   0.03  20.71  0.894  -0.67   3.45  NGC5457            826.3   1246.6
1954A       19.44   0.51  15.55   0.08  15.63   0.09  14.52   0.05  22.92  1.000 -99.00  -9.00  19.00   0.58  16.50   0.18 -99.00  -9.00 -99.00  -9.00  22.47  1.000 -99.00  -9.00 -99.00  -9.00  15.84   0.15 -99.00  -9.00  16.84   0.24 -99.00  1.000 -99.00  -9.00  NGC4214            314.0    185.6
1956A       16.15   0.11  16.46   0.13  14.97   0.07  13.50   0.03  19.63  0.503  -0.53   0.26  15.56   0.10  15.88   0.12  14.38   0.06  12.88   0.03  19.04  0.519  -0.45   0.31  15.47   0.13  15.79   0.15  14.26   0.07  12.73   0.04  18.95  0.514  -0.31   0.35  NGC3992            435.1    490.6
1957A       17.17   0.19  16.53   0.14  14.98   0.07  13.39   0.03  20.65  0.954  -1.50   0.91  16.00   0.12  15.37   0.09  13.97   0.05  12.53   0.03  19.48  0.955  -1.93   1.16  16.23   0.18  15.61   0.14  14.17   0.07  12.61   0.03  19.71  0.963  -1.61   1.58  NGC2841            708.4    677.1
1957B       15.30   0.08  15.24   0.08  13.72   0.04  12.16   0.02  18.78  0.603   0.06   0.14  14.62   0.08  14.56   0.07  13.04   0.04  11.49   0.02  18.10  0.624   0.04   0.16  14.31   0.08  14.25   0.07  12.76   0.04  11.24   0.02  17.78  0.611  -0.01   0.20  NGC4374            404.8    446.7
1959B       17.63   0.23  20.72   0.95  19.21   0.48  17.72   0.24  21.10  0.797  -0.25   0.82  17.40   0.28  20.57   1.19  19.04   0.59  17.50   0.29  20.88  0.853  -0.06   1.25  17.25   0.29  20.39   1.24  18.88   0.62  17.35   0.31  20.73  0.824   0.26   1.26  NGC4921            381.1    354.0
1959D       14.84   0.06  14.36   0.05  12.85   0.03  11.24   0.01  18.31  0.431   0.20   0.28  14.00   0.05  13.53   0.04  12.01   0.02  10.38   0.01  17.48  0.435   0.14   0.26  13.61   0.05  13.13   0.04  11.63   0.02  10.01   0.01  17.09  0.443   0.06   0.27  NGC7331            629.3    612.2
1959E       15.56   0.09  15.57   0.09  14.04   0.04  12.53   0.02  19.04  0.416  -0.68   0.27  14.86   0.07  14.87   0.07  13.38   0.04  11.89   0.02  18.33  0.415  -0.74   0.32  14.44   0.08  14.46   0.08  13.01   0.04  11.54   0.02  17.92  0.442  -0.93   0.33  NGC4321            742.5    781.1
1960H       18.93   0.42  17.69   0.24  16.27   0.12  14.49   0.05  22.41  0.958  -1.36   2.17  19.16   0.53  17.58   0.26  15.48   0.10  13.64   0.04  22.64  0.961  -0.64   3.23 -99.00  -9.00  19.00   0.66  15.47   0.13  13.52   0.05 -99.00  0.963 -99.00  -9.00  NGC4096            334.0    618.7
1960R       16.90   0.17  16.57   0.14  14.98   0.07  13.33   0.03  20.38  0.859  -0.40   0.46  16.10   0.13  15.78   0.11  14.26   0.06  12.73   0.03  19.58  0.875  -0.67   0.70  16.01   0.17  15.69   0.14  14.16   0.07  12.50   0.03  19.49  0.856  -0.46   0.72  NGC4382            589.0    374.2
1961F       16.60   0.14  17.14   0.18  15.66   0.09  14.19   0.05  20.08  0.791  -2.91   1.10  16.08   0.13  16.62   0.17  15.16   0.08  13.65   0.04  19.56  0.778  -2.72   1.26  15.78   0.15  16.31   0.19  14.86   0.10  13.36   0.05  19.26  0.871  -3.01   2.04  NGC3003            374.1    417.4
1961I       16.50   0.15  17.24   0.22  15.76   0.11  14.31   0.06  19.98  0.765  -0.46   0.60  15.99   0.14  16.74   0.20  15.24   0.10  13.74   0.05  19.47  0.766  -0.41   0.72  15.41   0.14  16.14   0.20  14.67   0.10  13.25   0.05  18.89  0.777  -0.73   0.98  NGC4303            318.0    388.6
1961U       17.54   0.21  17.00   0.16  15.64   0.09  14.46   0.05  21.02  0.948  -1.81   2.73  17.99   0.31  17.53   0.25  16.37   0.15  14.85   0.07  21.47  1.014  -3.60  34.57  18.26   0.47  17.62   0.35  15.77   0.15  14.11   0.07  21.74  0.971  -0.63   8.52  NGC3938            522.7    708.3
1962L       18.52   0.36  17.73   0.25  15.85   0.10  14.16   0.05  22.00  0.649   0.37   0.98  19.18   0.60  18.09   0.36  15.89   0.13  14.14   0.06  22.66  0.708   1.55   1.53 -99.00  -9.00  19.08   0.73  15.69   0.15  14.00   0.07 -99.00  0.663 -99.00  -9.00  NGC1073            395.3    476.2
1962M       17.41   0.22  14.69   0.06  11.89   0.02  10.18   0.01  20.89  0.799  -1.17   1.50  18.04   0.36  14.63   0.08  11.51   0.02   9.76   0.01  21.52  0.795   0.12   2.08 -99.00  -9.00  13.90   0.07  11.35   0.02   9.64   0.01 -99.00  0.828 -99.00  -9.00  NGC1313            602.9    452.5
1963P       16.32   0.13  15.94   0.11  14.38   0.06  12.69   0.03  19.80  0.604   0.58   0.28  15.60   0.12  15.22   0.10  13.74   0.05  12.10   0.02  19.07  0.633   0.52   0.28  15.27   0.13  14.90   0.11  13.37   0.05  11.73   0.03  18.75  0.643   0.45   0.32  NGC1084            266.8    292.2
1964A       19.34   0.51  19.86   0.65  18.65   0.37  17.40   0.21  22.82  0.886   0.50   1.85  17.21   0.25  17.81   0.34  16.28   0.17  14.77   0.08  20.68  0.880  -0.88   2.67 -99.00  -9.00 -99.00  -9.00 -99.00  -9.00 -99.00  -9.00 -99.00  0.876 -99.00  -9.00  NGC3631            478.7    489.7
1964F       15.42   0.09  16.17   0.13  14.65   0.07  13.08   0.03  18.89  0.268   0.26   0.30  14.67   0.08  15.42   0.11  13.91   0.06  12.41   0.03  18.15  0.282   0.15   0.33  14.45   0.09  15.20   0.13  13.70   0.06  12.16   0.03  17.93  0.289   0.28   0.34  NGC4303            426.4    403.0
1964L       15.60   0.09  15.04   0.07  13.55   0.03  12.10   0.02  19.08  0.311  -0.11   0.19  15.01   0.08  14.45   0.06  12.97   0.03  11.50   0.02  18.49  0.375  -0.09   0.22  14.62   0.09  14.05   0.07  12.57   0.03  11.19   0.02  18.10  0.334  -0.27   0.25  NGC3938            605.7    631.9
1965H       14.15   0.05  14.84   0.07  13.35   0.03  11.89   0.02  17.63  0.867  -3.59   0.53  13.36   0.04  14.06   0.06  12.56   0.03  11.10   0.01  16.84  0.885  -3.72   0.59  13.02   0.05  13.72   0.06  12.21   0.03  10.75   0.02  16.50  0.894  -3.90   0.82  NGC4666            424.5    369.9
1965I       18.23   0.32  18.63   0.39  16.99   0.18  15.19   0.08  21.71  1.000 -99.00  -9.00  17.41   0.27  17.79   0.32  16.24   0.16  14.75   0.08  20.89  1.000 -99.00  -9.00  16.53   0.23  16.89   0.27  15.45   0.14  14.16   0.08  20.01  1.000 -99.00  -9.00  NGC4753            496.9    468.6
1965L       17.95   0.27  18.63   0.37  16.89   0.17  15.06   0.07  21.43  0.603   0.55   0.59  16.90   0.22  17.54   0.30  15.89   0.14  14.20   0.06  20.37  0.605   0.21   0.69  16.37   0.20  16.98   0.26  15.45   0.13  13.91   0.06  19.85  0.606  -0.12   0.88  NGC3631            442.7    455.7
1965M       15.62   0.10  16.33   0.13  14.84   0.07  13.39   0.03  19.10  0.748  -1.87   0.39  14.80   0.08  15.49   0.11  14.02   0.06  12.57   0.03  18.27  0.659  -1.73   0.39  14.63   0.10  15.33   0.13  13.84   0.07  12.39   0.03  18.11  0.752  -1.90   0.63  NGC7606            429.9    451.6
1966J       18.19   0.31  17.72   0.25  16.16   0.12  14.98   0.07  21.67  1.000 -99.00  -9.00  17.01   0.20  16.54   0.16  15.00   0.08  13.60   0.04  20.48  1.000 -99.00  -9.00  17.47   0.33  17.00   0.27  15.27   0.12  13.55   0.05  20.95  1.000 -99.00  -9.00  NGC3198            699.4    436.1
1967C       18.63   0.36  18.72   0.37  17.49   0.21  16.46   0.13  22.11  1.000 -99.00  -9.00  18.44   0.39  18.55   0.41  17.05   0.20  16.09   0.13  21.92  1.000 -99.00  -9.00  18.81   0.61  18.92   0.64  17.29   0.30  15.89   0.16  22.29  1.000 -99.00  -9.00  NGC3389            292.6    293.9
1968A       15.94   0.11  18.80   0.41  17.30   0.20  15.79   0.10  19.42  0.521  -0.50   0.25  15.34   0.09  18.20   0.34  16.70   0.17  15.18   0.09  18.82  0.542  -0.45   0.33  14.99   0.10  17.85   0.39  16.35   0.19  14.84   0.10  18.47  0.530  -0.49   0.40  NGC1275            592.3    576.1
1968D       15.02   0.08  12.86   0.03  11.32   0.01   9.73   0.01  18.50  0.156  -0.18   0.26  14.77   0.07  12.61   0.03  11.07   0.01   9.46   0.01  18.25  0.155  -0.12   0.24  14.21   0.08  12.02   0.03  10.49   0.01   8.86   0.01  17.69  0.175  -0.09   0.28  NGC6946            656.2    620.8
1968L       11.03   0.01   8.56   0.00   7.93   0.00   7.34   0.00  14.51  0.019  -0.55   0.39  10.33   0.01   7.85   0.00   7.22   0.00   6.65   0.00  13.81  0.021  -0.49   0.36   9.95   0.01   7.48   0.00   6.88   0.00   6.34   0.00  13.43  0.023  -0.47   0.34  NGC5236            904.0   1200.1
1969B       15.38   0.08  14.95   0.06  13.47   0.03  11.96   0.02  18.86  1.000 -99.00  -9.00  14.64   0.08  14.21   0.06  12.70   0.03  11.20   0.02  18.12  1.000 -99.00  -9.00  14.29   0.07  13.86   0.06  12.36   0.03  10.89   0.02  17.77  1.000 -99.00  -9.00  NGC3556            686.2    589.8
1969H       14.18   0.05  13.36   0.03  11.84   0.02  10.21   0.01  17.66  0.193  -0.45   0.10  13.46   0.05  12.64   0.03  11.12   0.02   9.50   0.01  16.93  0.167  -0.46   0.09  13.25   0.05  12.43   0.03  10.91   0.02   9.27   0.01  16.73  0.185  -0.44   0.10  NGC4725            481.9    607.9
1970G       17.10   0.18  15.24   0.08  14.24   0.05  13.74   0.04  20.58  0.935  -2.25   3.22  16.38   0.15  14.50   0.06  13.34   0.04  12.57   0.03  19.86  0.951  -2.26   4.30  16.61   0.22  14.46   0.08  13.20   0.05  12.16   0.03  20.09  0.924  -1.48   4.33  NGC5457           1302.6    818.0
1971I       18.96   0.43  17.34   0.20  15.49   0.09  13.87   0.04  22.44  0.945   0.26   1.57  17.51   0.29  16.08   0.15  14.37   0.07  12.86   0.03  20.99  0.952  -0.50   2.17 -99.00  -9.00 -99.00  -9.00  15.83   0.15  13.03   0.04 -99.00  0.948 -99.00  -9.00  NGC5055            696.6    546.2
1971L       15.54   0.09  15.32   0.08  13.80   0.04  12.26   0.02  19.02  0.340  -0.52   0.22  14.70   0.08  14.49   0.07  12.98   0.03  11.47   0.02  18.18  0.314  -0.66   0.25  14.56   0.09  14.34   0.08  12.82   0.04  11.28   0.02  18.04  0.368  -0.57   0.26  NGC6384            476.0    520.3
1971P       17.83   0.26  21.28   1.26  19.76   0.62  18.18   0.30  21.31  0.702  -0.77   1.19  17.07   0.24  20.55   1.18  19.02   0.58  17.44   0.28  20.55  0.686  -0.32   0.90  17.33   0.30  21.23   1.82  19.65   0.88  17.78   0.37  20.81  0.738  -0.14   1.53  NGC7319            398.6    515.6
1972E       19.13   0.48  15.50   0.09  13.97   0.04  12.02   0.02  22.61  0.895  -0.09   1.85 -99.00  -9.00  14.81   0.08  13.28   0.04  11.45   0.02 -99.00  0.915 -99.00  -9.00  18.02   0.45  16.48   0.22  12.96   0.04  11.10   0.02  21.50  0.888  -0.04   2.55  NGC5253            442.0    296.0
1972R       16.70   0.15  16.04   0.11  14.36   0.05  12.93   0.03  20.18  0.791  -0.26   0.31  16.16   0.13  15.48   0.10  13.73   0.04  12.26   0.02  19.64  0.792  -0.07   0.32  15.94   0.16  15.28   0.12  13.52   0.05  12.01   0.03  19.42  0.806  -0.08   0.39  NGC2841            647.7    530.5
1973R       15.29   0.08  14.08   0.04  12.54   0.02  10.99   0.01  18.76  0.397  -0.19   0.41  14.60   0.08  13.39   0.04  11.85   0.02  10.29   0.01  18.07  0.405  -0.20   0.45  14.25   0.07  13.06   0.04  11.53   0.02  10.01   0.01  17.73  0.406  -0.28   0.51  NGC3627            651.2    626.5
1975A       19.05   0.48  20.68   1.01  19.16   0.50  17.62   0.25  22.53  0.965  -0.71   2.76 -99.00  -9.00 -99.00  -9.00 -99.00  -9.00 -99.00  -9.00 -99.00  0.974 -99.00  -9.00  18.37   0.54  19.77   1.03  18.45   0.56  17.55   0.37  21.85  0.970  -0.72   6.39  NGC2207            440.0    555.5
1975P       17.28   0.20  18.43   0.34  16.96   0.17  15.51   0.09  20.76  0.943  -1.37   2.01  17.07   0.24  18.28   0.41  16.72   0.20  15.15   0.10  20.54  0.977  -1.37   3.33  16.60   0.22  17.81   0.38  16.25   0.18  14.77   0.09  20.08  0.940  -1.03   2.87  NGC3583            347.2    367.0
1975S       18.69   0.38  18.86   0.41  17.21   0.19  15.64   0.09  22.17  0.949  -1.61   3.06  18.26   0.40  18.40   0.43  17.06   0.23  15.38   0.11  21.74  0.980  -1.65   7.19  16.51   0.23  16.65   0.24  15.51   0.14  14.78   0.10  19.99  0.976  -3.22   9.27  NGC1325            344.3    474.8
1976D       16.60   0.16  17.58   0.24  16.13   0.13  14.76   0.07  20.08  0.838  -1.25   1.10  16.26   0.16  17.28   0.25  15.77   0.13  14.26   0.06  19.74  0.853  -0.85   1.31  15.86   0.17  16.87   0.27  15.37   0.13  13.84   0.07  19.33  0.894  -1.25   2.39  NGC5427            353.4    467.2
1976K       16.57   0.14  18.08   0.28  16.56   0.14  15.02   0.07  20.04  0.701  -0.12   0.34  16.07   0.13  17.59   0.26  16.07   0.13  14.51   0.06  19.55  0.806  -0.12   0.42  15.70   0.15  17.20   0.29  15.69   0.15  14.18   0.07  19.18  0.777  -0.18   0.49  NGC3226            375.3    421.1
1978G      -99.00  -9.00  20.18   0.76  16.76   0.16  15.48   0.09 -99.00  1.000 -99.00  -9.00  18.32   0.41  17.55   0.29  16.26   0.16  14.64   0.08  21.80  1.000 -99.00  -9.00  19.59   0.94  17.04   0.29  14.76   0.10  13.66   0.06  23.07  1.000 -99.00  -9.00  IC5201             495.5    544.1
1978K       19.98   0.72  18.39   0.34 -99.00  -9.00  14.46   0.06  23.46  1.000 -99.00  -9.00  18.19   0.39  16.89   0.21  15.72   0.13  13.23   0.04  21.67  1.000 -99.00  -9.00 -99.00  -9.00 -99.00  -9.00  17.03   0.29  13.08   0.05 -99.00  1.000 -99.00  -9.00  NGC1313            822.9    408.3
1979A       16.95   0.19  17.51   0.24  16.00   0.12  14.47   0.06  20.43  0.596  -0.14   0.63  16.17   0.15  16.72   0.20  15.24   0.10  13.89   0.05  19.64  0.624  -0.44   0.66  16.50   0.23  17.04   0.29  15.55   0.15  13.92   0.07  19.98  0.610   0.24   0.84  NGC4647            754.5    738.5
1979C       16.39   0.13  16.40   0.13  14.93   0.07  13.46   0.03  19.86  0.667  -0.76   0.43  15.87   0.12  15.89   0.12  14.43   0.06  12.95   0.03  19.35  0.654  -0.69   0.58  15.48   0.13  15.50   0.13  14.05   0.07  12.61   0.03  18.96  0.694  -0.84   0.68  NGC4321            746.5    711.5
1980I      -99.00  -9.00 -99.00  -9.00 -99.00  -9.00 -99.00  -9.00 -99.00  1.000 -99.00  -9.00 -99.00  -9.00 -99.00  -9.00 -99.00  -9.00 -99.00  -9.00 -99.00  1.000 -99.00  -9.00 -99.00  -9.00 -99.00  -9.00 -99.00  -9.00 -99.00  -9.00 -99.00  1.000 -99.00  -9.00  NGC4374            -99.0    -99.0
1980K       18.86   0.45  16.13   0.13  15.01   0.08  13.11   0.03  22.33  0.955  -0.14   2.81 -99.00  -9.00 -99.00  -9.00 -99.00  -9.00  15.90   0.12 -99.00  0.938 -99.00  -9.00 -99.00  -9.00 -99.00  -9.00 -99.00  -9.00  12.95   0.04 -99.00  0.960 -99.00  -9.00  NGC6946            418.8    430.3
1980N       18.67   0.39  18.76   0.40  17.25   0.20  15.60   0.09  22.15  1.000 -99.00  -9.00  18.22   0.39  18.29   0.40  17.20   0.24  15.75   0.12  21.70  1.000 -99.00  -9.00  19.18   0.76  19.25   0.79  17.99   0.44  15.87   0.17  22.66  1.000 -99.00  -9.00  NGC1316            582.8    782.5
1981A       17.14   0.20  16.46   0.15  14.98   0.07  13.53   0.04  20.62  1.000 -99.00  -9.00  16.40   0.17  15.74   0.13  14.32   0.07  12.75   0.03  19.88  1.000 -99.00  -9.00  16.02   0.18  15.33   0.13  13.85   0.07  12.33   0.03  19.50  1.000 -99.00  -9.00  NGC1532            429.7    517.3
1981B       17.81   0.28  17.50   0.24  15.99   0.12  14.51   0.06  21.29  0.868  -1.25   1.81  18.39   0.44  18.07   0.38  16.75   0.20  14.46   0.07  21.87  0.895  -0.27   2.39  16.46   0.23  16.17   0.20  14.83   0.11  13.58   0.06  19.94  0.900  -1.66   2.98  NGC4536            464.0    543.3
1981D       16.14   0.12  16.22   0.12  14.69   0.06  13.15   0.03  19.61  0.865  -1.09   0.42  15.53   0.11  15.61   0.12  14.11   0.06  12.65   0.03  19.01  0.904  -1.27   0.65  15.47   0.14  15.56   0.14  13.97   0.07  12.34   0.03  18.95  0.883  -1.03   0.78  NGC1316            822.8    702.6
1981K       14.74   0.06  12.84   0.03  11.36   0.01   9.90   0.01  18.22  0.705  -2.33   0.37  14.11   0.05  12.24   0.02  10.74   0.01   9.27   0.01  17.59  0.713  -2.29   0.41  13.82   0.06  11.95   0.03  10.47   0.01   9.01   0.01  17.30  0.703  -2.34   0.48  NGC4258            681.2   1077.0
1982F       15.06   0.07  13.61   0.04  12.09   0.02  10.64   0.01  18.54  0.329  -0.76   0.22  14.42   0.07  12.96   0.04  11.45   0.02  10.04   0.01  17.90  0.343  -0.80   0.27  14.05   0.07  12.62   0.03  11.17   0.02   9.79   0.01  17.53  0.329  -0.89   0.31  NGC4490            362.2    484.2
1982R       17.13   0.19  17.24   0.20  15.75   0.10  14.38   0.05  20.60  0.800  -1.04   0.84  17.36   0.27  17.49   0.28  15.72   0.12  14.04   0.06  20.84  0.852  -0.23   1.39  18.98   0.72  19.28   0.82  16.08   0.19  13.84   0.07  22.46  0.829   1.72   1.70  NGC1187            374.1    460.6
1983E       15.15   0.08  15.56   0.10  14.11   0.05  12.80   0.03  18.63  0.320  -1.84   0.24  14.39   0.07  14.81   0.08  13.34   0.04  12.00   0.02  17.87  0.329  -1.89   0.26  14.09   0.07  14.50   0.09  13.04   0.05  11.71   0.03  17.56  0.360  -1.79   0.26  NGC3044            374.1    394.7
1983G       14.14   0.05  14.52   0.06  13.00   0.03  11.46   0.01  17.62  0.746  -2.74   0.23  13.45   0.04  13.82   0.05  12.31   0.03  10.76   0.01  16.92  0.765  -2.79   0.31  13.22   0.05  13.60   0.06  12.08   0.03  10.51   0.01  16.70  0.773  -2.79   0.51  NGC4753            417.7    387.4
1983I       16.04   0.11  15.81   0.10  14.38   0.05  12.94   0.03  19.52  0.474  -0.68   0.45  15.48   0.11  15.24   0.10  13.73   0.05  12.31   0.03  18.95  0.546  -0.65   0.52  15.13   0.11  14.89   0.10  13.39   0.05  12.00   0.03  18.60  0.526  -0.66   0.53  NGC4051            377.3    349.5
1983N       15.43   0.09  12.50   0.02  11.13   0.01   9.40   0.01  18.91  0.567  -0.44   0.34  14.94   0.09  11.97   0.02  10.55   0.01   8.87   0.01  18.41  0.569  -0.31   0.33  14.59   0.09  11.65   0.02  10.26   0.01   8.65   0.01  18.07  0.582  -0.44   0.43  NGC5236           1024.6   1076.5
1983P       13.26   0.03  14.07   0.05  12.50   0.02  10.87   0.01  16.74  0.037  -1.01   0.52  12.38   0.03  13.18   0.04  11.62   0.02  10.01   0.01  15.86  0.038  -1.08   0.56  12.02   0.03  12.82   0.04  11.26   0.02   9.67   0.01  15.50  0.038  -1.17   0.58  NGC5746            390.9    595.7
1983S       15.99   0.11  16.47   0.14  14.89   0.07  13.12   0.03  19.47  0.801  -2.53   0.66  15.37   0.10  15.85   0.13  14.26   0.06  12.46   0.03  18.85  0.815  -2.51   0.77  15.04   0.11  15.52   0.14  13.96   0.07  12.19   0.03  18.52  0.839  -2.73   1.12  NGC1448            367.0    410.3
1983U       15.12   0.07  15.42   0.08  13.89   0.04  12.32   0.02  18.60  0.294  -0.20   0.14  14.45   0.06  14.75   0.07  13.21   0.03  11.62   0.02  17.93  0.323  -0.14   0.16  14.18   0.07  14.48   0.08  12.95   0.04  11.36   0.02  17.66  0.345  -0.20   0.17  NGC3227            417.6    401.9
1983V       16.07   0.12  16.04   0.12  14.55   0.06  13.04   0.03  19.55  0.566  -0.46   0.57  15.35   0.11  15.32   0.10  13.81   0.05  12.30   0.03  18.82  0.617  -0.59   0.63  15.20   0.13  15.17   0.12  13.63   0.06  12.09   0.03  18.68  0.617  -0.44   0.70  NGC1365            757.9    670.9
1984E       17.11   0.20  17.46   0.23  16.03   0.12  14.67   0.06  20.59  0.924  -1.01   1.06  16.62   0.19  16.95   0.22  15.55   0.12  14.12   0.06  20.10  0.932  -0.83   1.14  16.57   0.24  16.95   0.28  15.34   0.13  13.75   0.06  20.05  0.938  -0.74   1.87  NGC3169            360.9    416.4
1984N       16.33   0.13  17.49   0.22  15.98   0.11  14.50   0.06  19.81  0.985  -4.95   6.78  15.48   0.11  16.62   0.19  15.13   0.09  13.64   0.05  18.96  0.950  -4.28   5.22  15.33   0.13  16.46   0.22  14.98   0.11  13.50   0.06  18.81  0.978  -4.90  77.01  NGC7184            332.0    453.8
1985A       13.77   0.04  14.00   0.04  12.54   0.02  11.25   0.01  17.25  0.485  -2.16   0.20  12.95   0.04  13.18   0.04  11.72   0.02  10.45   0.01  16.43  0.503  -2.28   0.22  12.63   0.04  12.86   0.04  11.40   0.02  10.12   0.01  16.11  0.522  -2.31   0.23  NGC2748            302.2    291.2
1985H       16.81   0.16  16.07   0.11  14.63   0.06  13.16   0.03  20.29  0.317  -0.39   0.35  16.26   0.14  15.50   0.10  13.96   0.05  12.42   0.02  19.73  0.309  -0.25   0.36  15.77   0.15  15.05   0.11  13.76   0.06  12.35   0.03  19.25  0.340  -0.55   0.49  NGC3359            531.3    523.0
1985L       17.64   0.24  17.23   0.20  15.70   0.10  14.32   0.05  21.12  0.730  -0.19   0.51  17.09   0.21  16.71   0.18  15.42   0.10  14.20   0.06  20.57  0.777  -0.17   0.69  16.49   0.21  16.10   0.18  14.72   0.09  13.51   0.05  19.97  0.782  -0.49   0.83  NGC5033            770.0    755.0
1985P       16.38   0.14  15.78   0.10  14.34   0.05  12.85   0.03  19.86  0.493  -0.27   0.48  15.84   0.13  15.21   0.10  13.69   0.05  12.19   0.02  19.32  0.494  -0.17   0.46  15.43   0.14  14.82   0.10  13.40   0.05  11.98   0.03  18.91  0.511  -0.25   0.52  NGC1433            350.9    444.1
1986B       18.19   0.31  19.27   0.51  17.66   0.25  15.96   0.11  21.67  0.811   0.16   1.02  16.69   0.19  17.65   0.30  16.25   0.16  14.99   0.09  20.17  0.813  -0.89   1.31  16.13   0.19  17.11   0.30  15.67   0.15  14.32   0.08  19.61  0.817  -0.99   1.79  NGC5101            648.8    481.8
1986E       15.21   0.08  17.50   0.22  15.90   0.10  14.17   0.05  18.69  0.825  -3.61   0.53  14.68   0.08  16.97   0.23  15.37   0.11  13.64   0.05  18.16  0.860  -3.44   0.59  14.70   0.09  17.02   0.26  15.40   0.12  13.64   0.06  18.18  0.868  -3.13   0.70  NGC4302            417.9    523.5
1986G       14.71   0.06  11.15   0.01   9.67   0.01   7.94   0.00  18.19  0.866  -1.40   0.31  13.98   0.06  10.39   0.01   8.87   0.01   7.19   0.00  17.46  0.903  -1.53   0.53  13.67   0.06  10.01   0.01   8.44   0.01   6.80   0.00  17.14  0.886  -1.60   0.42  NGC5128            503.5    755.2
1986J       14.58   0.06  13.11   0.03  11.48   0.01  10.10   0.01  18.06  0.287  -1.22   0.33  13.33   0.04  11.89   0.02  10.37   0.01   9.11   0.01  16.81  0.327  -1.50   0.34  12.58   0.03  11.19   0.02   9.77   0.01   8.59   0.01  16.05  0.367  -1.80   0.41  NGC891             524.0    541.1
1987B       19.20   0.50  20.93   1.10  19.23   0.50  17.51   0.23  22.68  1.000 -99.00  -9.00  18.59   0.46  20.19   0.97  18.61   0.47  17.19   0.24  22.06  1.000 -99.00  -9.00 -99.00  -9.00 -99.00  -9.00 -99.00  -9.00 -99.00  -9.00 -99.00  1.000 -99.00  -9.00  NGC5850            471.4    254.6
1987L       17.54   0.23  18.57   0.37  17.09   0.19  15.59   0.09  21.02  0.814  -0.98   1.17  16.72   0.20  17.71   0.32  16.30   0.17  14.98   0.09  20.20  0.812  -1.16   1.76  17.00   0.27  18.10   0.44  16.51   0.21  14.91   0.10  20.48  0.792  -0.68   1.68  NGC2336            442.1    529.0
1987M       15.38   0.08  16.02   0.11  14.52   0.06  13.01   0.03  18.85  0.155  -0.77   0.15  14.66   0.08  15.31   0.11  13.79   0.05  12.29   0.03  18.14  0.140  -0.78   0.17  14.45   0.08  15.10   0.11  13.58   0.06  12.06   0.03  17.92  0.156  -0.77   0.19  NGC2715            396.6    416.0
1987N       14.97   0.07  15.67   0.10  14.19   0.05  12.75   0.03  18.45  0.449  -1.25   0.14  14.19   0.06  14.89   0.09  13.40   0.04  11.96   0.02  17.67  0.385  -1.26   0.16  13.95   0.07  14.65   0.10  13.18   0.05  11.74   0.03  17.43  0.452  -1.30   0.21  NGC7606            421.8    430.5
1989B       14.02   0.04  12.85   0.02  11.37   0.01  10.00   0.01  17.50  0.381  -1.38   0.43  13.27   0.04  12.10   0.02  10.64   0.01   9.28   0.01  16.75  0.389  -1.46   0.46  12.98   0.04  11.80   0.02  10.34   0.01   8.97   0.01  16.46  0.391  -1.50   0.50  NGC3627            616.7    650.2
1990N       20.64   0.97  21.51   1.45  18.77   0.41  16.66   0.15  24.12  0.966   1.35   2.95  17.35   0.26  17.79   0.32  16.34   0.16  15.00   0.09  20.83  0.971  -1.17   4.38  22.85   4.15 -99.00  -9.00  17.63   0.37  15.02   0.11  26.33  0.988   4.03   7.67  NGC4639            237.5    296.6
1990W       13.65   0.04  11.29   0.01   9.95   0.01   9.08   0.00  17.13  0.148  -0.73   0.23  12.83   0.03  10.46   0.01   9.14   0.01   8.31   0.00  16.31  0.160  -0.77   0.21  12.51   0.04  10.09   0.01   8.79   0.01   8.00   0.00  15.98  0.184  -0.87   0.24  NGC6221            393.9    406.6
1991B       16.07   0.12  17.70   0.26  16.18   0.13  14.59   0.06  19.55  0.500  -0.67   0.29  15.25   0.10  16.87   0.21  15.35   0.10  13.80   0.05  18.73  0.542  -0.81   0.33  15.24   0.13  16.91   0.27  15.35   0.13  13.69   0.06  18.72  0.589  -0.66   0.47  NGC5426            415.4    281.0
1991G       16.70   0.15  16.28   0.12  14.60   0.06  12.72   0.02  20.18  0.882  -1.33   0.98  15.71   0.11  15.31   0.09  13.79   0.04  12.02   0.02  19.19  0.884  -1.73   1.17  15.32   0.12  14.92   0.10  13.42   0.05  11.71   0.02  18.80  0.882  -1.79   1.23  NGC4088            351.4    291.8
1991T       16.18   0.13  15.55   0.10  14.07   0.05  12.59   0.03  19.66  0.791  -1.46   0.37  15.67   0.12  15.01   0.09  13.48   0.05  11.96   0.02  19.15  0.831  -1.35   0.43  15.77   0.16  15.06   0.12  13.34   0.05  11.70   0.03  19.25  0.828  -0.93   0.62  NGC4527            375.5    446.8
1991bd      15.55   0.10  17.71   0.26  16.21   0.13  14.72   0.07  19.03  0.521  -1.70   0.24  14.59   0.07  16.74   0.20  15.24   0.10  13.76   0.05  18.07  0.537  -1.70   0.23  14.18   0.08  16.34   0.21  14.84   0.11  13.36   0.05  17.66  0.559  -1.70   0.26  UGC2936            379.4    430.3
1991bg      15.63   0.09  15.57   0.09  14.05   0.04  12.53   0.02  19.11  0.661   0.01   0.17  14.92   0.09  14.86   0.09  13.38   0.04  11.88   0.02  18.40  0.683  -0.04   0.22  14.72   0.09  14.66   0.09  13.19   0.05  11.66   0.02  18.20  0.669  -0.03   0.24  NGC4374            401.2    342.8
1992A       15.47   0.09  15.50   0.09  14.00   0.05  12.56   0.02  18.95  0.723  -0.89   0.28  14.93   0.09  14.96   0.09  13.45   0.04  11.96   0.02  18.41  0.747  -0.86   0.31  14.60   0.10  14.63   0.10  13.14   0.05  11.66   0.02  18.08  0.739  -0.87   0.39  NGC1380            399.8    462.7
1992bd      12.43   0.02  12.00   0.02  10.53   0.01   9.17   0.00  15.91  0.116  -0.41   0.17  11.67   0.02  11.24   0.02   9.76   0.01   8.41   0.00  15.15  0.126  -0.39   0.15  11.30   0.02  10.88   0.02   9.41   0.01   8.07   0.00  14.78  0.135  -0.38   0.14  NGC1097            597.1    589.7
1993G       16.07   0.11  18.01   0.28  16.49   0.14  14.90   0.07  19.55  0.518   0.26   1.50  15.45   0.11  17.41   0.28  15.88   0.14  14.25   0.07  18.93  0.513   0.36   1.70  15.35   0.12  17.33   0.31  15.78   0.15  14.10   0.07  18.83  0.522   0.42   2.12  NGC3690            388.8    386.2
1993J       15.84   0.10  12.49   0.02  10.92   0.01   9.35   0.01  19.32  0.617  -0.22   0.24  15.01   0.08  11.78   0.02  10.23   0.01   8.67   0.00  18.49  0.625  -0.37   0.25  14.79   0.10  11.51   0.02  10.01   0.01   8.45   0.01  18.27  0.617  -0.33   0.27  NGC3031           1034.6    838.8
1993Z       15.02   0.08  15.47   0.09  13.99   0.05  12.53   0.02  18.50  0.597  -0.64   0.16  14.42   0.07  14.86   0.09  13.39   0.04  11.92   0.02  17.90  0.643  -0.61   0.18  14.16   0.08  14.61   0.10  13.13   0.05  11.64   0.02  17.64  0.623  -0.57   0.23  NGC2775            310.9    263.8
1993af     -99.00  -9.00 -99.00  -9.00 -99.00  -9.00 -99.00  -9.00 -99.00  1.000 -99.00  -9.00 -99.00  -9.00 -99.00  -9.00  17.03   0.24  16.41   0.18 -99.00  1.000 -99.00  -9.00 -99.00  -9.00 -99.00  -9.00 -99.00  -9.00 -99.00  -9.00 -99.00  1.000 -99.00  -9.00  NGC1808            181.8    488.3
1994D       12.75   0.03  12.68   0.03  11.16   0.01   9.60   0.01  16.22  0.140  -0.56   0.23  11.99   0.02  11.92   0.02  10.39   0.01   8.83   0.01  15.47  0.156  -0.53   0.22  11.73   0.03  11.66   0.02  10.12   0.01   8.55   0.01  15.21  0.172  -0.50   0.21  NGC4526            411.4    406.2
1994I       13.18   0.03  11.38   0.01   9.90   0.01   8.56   0.00  16.65  0.135  -0.62   0.15  12.46   0.02  10.66   0.01   9.19   0.01   7.86   0.00  15.93  0.127  -0.65   0.16  12.16   0.03  10.37   0.01   8.91   0.01   7.59   0.00  15.64  0.145  -0.66   0.17  NGC5194            520.4    746.6
1994Y       15.93   0.11  17.18   0.19  15.67   0.10  14.17   0.05  19.41  0.308  -0.23   0.24  15.22   0.09  16.47   0.16  14.96   0.08  13.46   0.04  18.70  0.318  -0.23   0.25  15.09   0.11  16.34   0.20  14.83   0.10  13.28   0.05  18.57  0.310  -0.10   0.32  NGC5371            435.8    411.1
1994ai      14.61   0.06  14.64   0.06  13.14   0.03  11.65   0.02  18.08  0.155  -0.83   0.11  13.84   0.05  13.88   0.05  12.39   0.03  10.93   0.01  17.32  0.165  -0.92   0.13  13.58   0.06  13.61   0.06  12.12   0.03  10.65   0.02  17.06  0.170  -0.90   0.14  NGC908             380.2    405.1
1996N       15.34   0.09  15.22   0.08  13.70   0.04  12.19   0.02  18.81  0.564  -0.40   0.18  14.71   0.08  14.60   0.08  13.08   0.04  11.56   0.02  18.19  0.592  -0.41   0.23  14.43   0.09  14.32   0.08  12.84   0.04  11.35   0.02  17.91  0.581  -0.45   0.32  NGC1398            454.7    510.6
1996ai      13.09   0.03  12.50   0.02  11.09   0.01   9.74   0.01  16.57  0.370  -1.45   0.31  12.37   0.02  11.78   0.02  10.38   0.01   9.02   0.01  15.85  0.377  -1.43   0.32  12.09   0.03  11.50   0.02  10.09   0.01   8.73   0.01  15.57  0.388  -1.42   0.33  NGC5005            377.8    402.8
1996an      14.44   0.06  14.07   0.05  12.65   0.02  11.30   0.01  17.92  0.756  -2.19   0.29  13.79   0.05  13.42   0.04  12.00   0.02  10.65   0.01  17.27  0.780  -2.25   0.32  13.52   0.06  13.15   0.05  11.72   0.03  10.38   0.01  16.99  0.789  -2.31   0.48  NGC1084            285.9    322.4
1996bu     -99.00  -9.00 -99.00  -9.00 -99.00  -9.00 -99.00  -9.00 -99.00  0.896 -99.00  -9.00  17.09   0.24  17.66   0.31  16.27   0.17  15.16   0.10  20.57  0.892  -1.13   2.88  17.71   0.36  18.21   0.46  17.13   0.28  19.10   0.69  21.19  0.885  -0.39   3.39  NGC3631            432.4    517.9
1997bs      15.23   0.07  14.06   0.04  12.57   0.02  11.03   0.01  18.71  0.471  -0.52   0.46  14.64   0.08  13.44   0.04  11.94   0.02  10.41   0.01  18.12  0.479  -0.44   0.50  14.36   0.08  13.17   0.04  11.66   0.02  10.16   0.01  17.84  0.480  -0.44   0.56  NGC3627            611.7    530.6
1998E       15.26   0.08  15.66   0.10  14.14   0.05  12.54   0.02  18.74  0.226  -0.84   0.36  14.54   0.07  14.94   0.09  13.41   0.04  11.81   0.02  18.02  0.238  -0.95   0.41  14.24   0.08  14.63   0.10  13.13   0.05  11.56   0.02  17.72  0.247  -0.93   0.39  NGC5161            395.5    388.3
1998S       15.12   0.07  14.70   0.06  13.33   0.03  12.00   0.02  18.60  0.932  -4.06   1.01  14.24   0.05  13.83   0.05  12.49   0.02  11.21   0.01  17.72  0.923  -4.04   1.04  13.63   0.06  13.25   0.05  12.03   0.03  10.86   0.02  17.11  0.933  -4.47   1.27  NGC3877            415.4    355.1
1998T       13.76   0.04  15.65   0.09  14.16   0.05  12.71   0.02  17.24 -9.000 -99.00  -9.00  12.93   0.04  14.83   0.09  13.32   0.04  11.86   0.02  16.41 -9.000 -99.00  -9.00  12.41   0.03  14.31   0.08  12.81   0.04  11.33   0.02  15.89 -9.000 -99.00  -9.00  NGC3690            390.4    399.0
1998bu      15.60   0.10  14.46   0.06  12.96   0.03  11.40   0.01  19.08  0.605   0.14   0.30  14.86   0.09  13.73   0.05  12.27   0.03  10.77   0.01  18.34  0.641   0.04   0.33  14.57   0.09  13.44   0.06  11.99   0.03  10.46   0.01  18.05  0.638  -0.02   0.35  NGC3368            496.5    556.2
1998dl      14.93   0.07  14.55   0.06  12.96   0.03  11.41   0.01  18.41  0.644  -0.97   0.25  14.31   0.07  13.92   0.05  12.33   0.03  10.75   0.01  17.79  0.674  -0.98   0.28  14.03   0.07  13.64   0.06  12.05   0.03  10.47   0.01  17.51  0.684  -1.00   0.31  NGC1084            276.4    317.6
1998dn     -99.00  -9.00 -99.00  -9.00 -99.00  -9.00 -99.00  -9.00 -99.00  1.000 -99.00  -9.00 -99.00  -9.00 -99.00  -9.00 -99.00  -9.00 -99.00  -9.00 -99.00  1.000 -99.00  -9.00 -99.00  -9.00 -99.00  -9.00 -99.00  -9.00 -99.00  -9.00 -99.00  1.000 -99.00  -9.00  NGC337A            -99.0    -99.0
1998eb      16.12   0.12  18.41   0.34  16.90   0.17  15.40   0.09  19.60  0.596  -0.64   0.40  15.40   0.11  17.68   0.32  16.18   0.16  14.67   0.08  18.88  0.589  -0.58   0.45  15.13   0.11  17.38   0.32  15.89   0.16  14.42   0.08  18.61  0.614  -0.58   0.47  NGC1961            362.3    383.5
1999D       16.56   0.14  18.49   0.34  16.98   0.17  15.42   0.08  20.04  0.597   0.38   1.62  15.72   0.13  17.64   0.31  16.13   0.15  14.57   0.08  19.20  0.590   0.31   1.81  15.59   0.14  17.52   0.33  16.00   0.17  14.45   0.08  19.07  0.586   0.37   2.22  NGC3690            427.8    394.3
1999bw      17.40   0.21  16.93   0.17  15.35   0.08  13.85   0.04  20.88  0.990  -4.15  16.27  17.21   0.22  16.69   0.17  14.82   0.07  13.02   0.03  20.69  0.989  -3.73  77.93  16.07   0.17  15.63   0.14  14.20   0.07  12.71   0.04  19.55  0.994  -3.87  15.12  NGC3198            685.5    516.7
1999by      16.55   0.14  15.92   0.10  14.44   0.05  12.91   0.03  20.03  0.966  -2.43   1.14  15.75   0.11  15.11   0.08  13.63   0.04  12.12   0.02  19.23  0.967  -2.54   1.54  15.86   0.16  15.20   0.12  13.63   0.06  12.07   0.03  19.34  0.973  -2.22   2.03  NGC2841            699.2    692.3
1999cl      14.86   0.06  14.28   0.05  12.78   0.02  11.27   0.01  18.34  0.588  -1.06   0.19  14.17   0.05  13.59   0.04  12.11   0.02  10.59   0.01  17.65  0.617  -1.08   0.19  13.83   0.06  13.24   0.05  11.77   0.02  10.26   0.01  17.30  0.616  -1.13   0.21  NGC4501            446.3    422.2
1999ec      16.38   0.14  17.95   0.29  16.48   0.15  15.11   0.08  19.86  0.909  -2.83   2.10  15.82   0.13  17.41   0.27  15.92   0.14  14.51   0.07  19.30  0.924  -3.07   3.05  15.36   0.14  16.93   0.28  15.46   0.14  14.08   0.07  18.84  0.916  -2.91   2.81  NGC2207            582.5    512.3
1999em      15.41   0.09  14.46   0.06  12.96   0.03  11.45   0.01  18.89  0.257  -0.37   0.28  14.81   0.08  13.85   0.05  12.34   0.03  10.82   0.01  18.29  0.273  -0.31   0.28  14.69   0.10  13.71   0.06  12.16   0.03  10.59   0.02  18.17  0.284  -0.19   0.35  NGC1637            316.1    282.9
1999eu      17.19   0.20  16.78   0.17  15.37   0.09  13.88   0.04  20.66  0.858  -1.10   1.14  16.41   0.17  16.00   0.14  14.59   0.07  13.07   0.04  19.89  0.854  -1.17   1.35  16.99   0.29  16.55   0.23  14.94   0.11  13.15   0.05  20.47  0.876  -0.47   2.07  NGC1097            577.2    443.1
1999ev      15.39   0.08  15.17   0.08  13.67   0.04  12.21   0.02  18.87  0.808  -2.28   0.36  14.67   0.07  14.44   0.06  12.95   0.03  11.49   0.02  18.15  0.812  -2.28   0.43  14.33   0.08  14.11   0.07  12.66   0.04  11.23   0.02  17.81  0.807  -2.38   0.50  NGC4274            630.3    428.8
1999ga      16.14   0.12  16.47   0.14  15.09   0.07  13.76   0.04  19.62  0.660  -0.83   0.92  15.67   0.12  15.99   0.14  14.67   0.08  13.29   0.04  19.15  0.696  -0.70   1.09  15.34   0.13  15.67   0.15  14.30   0.08  12.91   0.04  18.82  0.682  -0.69   1.10  NGC2442            837.9    706.4
1999ge      16.02   0.12  18.96   0.46  17.45   0.23  15.96   0.12  19.50  0.320  -0.37   0.30  15.42   0.11  18.38   0.43  16.87   0.22  15.36   0.11  18.90  0.337  -0.31   0.36  15.13   0.12  18.08   0.48  16.57   0.24  15.07   0.12  18.61  0.345  -0.41   0.46  NGC309             284.3    307.2
1999gh      16.83   0.18  18.55   0.41  17.03   0.20  15.50   0.10  20.31  0.781  -0.09   0.48  16.19   0.16  17.86   0.34  16.38   0.17  14.96   0.09  19.67  0.794   0.02   0.48  16.02   0.19  17.68   0.40  16.21   0.20  14.73   0.10  19.50  0.815  -0.09   0.83  NGC2986            248.7    316.5
1999gi      16.07   0.12  15.02   0.07  13.55   0.04  12.14   0.02  19.55  0.314  -0.50   0.37  15.40   0.10  14.38   0.06  12.94   0.03  11.51   0.02  18.88  0.308  -0.51   0.45  14.93   0.10  13.92   0.07  12.58   0.04  11.24   0.02  18.40  0.319  -0.66   0.47  NGC3184            603.2    660.8
1999gn      14.87   0.07  15.57   0.10  14.18   0.05  12.91   0.03  18.35  0.481  -0.56   0.30  14.31   0.07  15.03   0.09  13.61   0.05  12.29   0.03  17.79  0.495  -0.48   0.32  14.10   0.08  14.81   0.11  13.41   0.06  12.11   0.03  17.58  0.505  -0.45   0.36  NGC4303            368.7    361.0
1999gq      18.42   0.33  16.32   0.13  14.44   0.05  11.13   0.01  21.90  1.000 -99.00  -9.00  24.96   7.77  16.33   0.15  13.77   0.04  10.82   0.01  28.44  1.000 -99.00  -9.00  16.97   0.26  15.13   0.11  13.71   0.06  10.64   0.01  20.45  1.000 -99.00  -9.00  NGC4523            295.5    343.9
2000ch      18.64   0.38  17.72   0.25  16.34   0.13  15.28   0.08  22.12  0.938  -2.90   3.33  18.64   0.43  18.04   0.33  17.43   0.25  15.30   0.09  22.12  0.961  -2.80   6.89  17.21   0.30  16.33   0.20  15.13   0.11  14.20   0.07  20.69  0.979  -4.35  10.14  NGC3432            279.0    578.3
2000cj      16.12   0.13  17.92   0.29  16.41   0.14  14.89   0.07  19.60  0.782  -0.33   0.34  15.38   0.11  17.16   0.24  15.66   0.12  14.18   0.06  18.85  0.801  -0.52   0.48  15.44   0.14  17.29   0.33  15.74   0.16  14.11   0.08  18.92  0.807  -0.13   0.56  NGC6753            365.5    376.6
2000ds      15.98   0.11  16.34   0.13  14.82   0.06  13.23   0.03  19.46  0.339   0.61   0.14  15.21   0.10  15.58   0.12  14.05   0.06  12.50   0.03  18.69  0.334   0.53   0.14  15.01   0.10  15.37   0.12  13.86   0.06  12.31   0.03  18.48  0.346   0.59   0.14  NGC2768            409.9    367.7
2001X       15.58   0.09  16.00   0.11  14.50   0.06  13.03   0.03  19.06  0.484  -0.91   0.34  15.00   0.09  15.42   0.11  13.91   0.05  12.42   0.03  18.48  0.488  -0.80   0.38  14.61   0.09  15.03   0.11  13.56   0.06  12.15   0.03  18.09  0.492  -0.97   0.52  NGC5921            416.2    368.6
2001ci      14.24   0.05  14.12   0.05  12.68   0.02  11.33   0.01  17.72  0.436  -1.86   0.22  13.39   0.04  13.27   0.04  11.84   0.02  10.51   0.01  16.87  0.470  -1.95   0.26  12.99   0.04  12.87   0.04  11.44   0.02  10.12   0.01  16.47  0.500  -2.06   0.31  NGC3079            404.5    528.0
2001cm      16.26   0.13  18.30   0.33  16.78   0.17  15.24   0.08  19.73  0.830  -2.54   0.95  15.44   0.10  17.46   0.25  15.96   0.12  14.45   0.06  18.91  0.862  -2.58   0.89  15.34   0.13  17.36   0.32  15.86   0.16  14.35   0.08  18.82  0.823  -2.47   1.18  NGC5965            363.9    418.4
2001dc      16.07   0.11  17.13   0.18  15.64   0.09  14.19   0.05  19.55  0.991  -5.93   7.58  15.36   0.09  16.42   0.15  14.93   0.08  13.47   0.04  18.84  0.991  -5.95  10.89  14.99   0.11  16.05   0.17  14.56   0.09  13.12   0.04  18.47  0.994  -6.49  13.37  NGC5777            313.4    322.8
2001dp      17.42   0.20  17.37   0.20  15.77   0.09  14.19   0.05  20.90  0.676   0.36   0.34  16.95   0.19  16.90   0.19  15.52   0.10  13.99   0.05  20.43  0.716   0.44   0.41  16.79   0.24  16.75   0.23  15.23   0.12  13.64   0.06  20.27  0.708   0.54   0.46  NGC3953            434.4    480.9
2001du      15.58   0.10  15.55   0.09  14.06   0.05  12.67   0.02  19.06  0.733  -1.51   0.80  15.07   0.09  15.04   0.09  13.55   0.05  12.16   0.02  18.55  0.772  -1.52   1.01  14.58   0.09  14.55   0.09  13.07   0.05  11.71   0.03  18.05  0.762  -1.68   1.07  NGC1365            788.6    694.7
2001el      16.91   0.17  17.40   0.22  15.81   0.10  14.07   0.05  20.39  0.795  -1.57   0.65  16.13   0.15  16.59   0.18  15.08   0.09  13.39   0.04  19.60  0.809  -1.66   0.74  15.89   0.17  16.36   0.21  14.84   0.10  13.12   0.05  19.37  0.834  -1.81   1.07  NGC1448            411.7    420.0
2001fz      17.94   0.29  18.85   0.44  17.31   0.22  15.65   0.10  21.42  0.872  -0.82   1.23  17.67   0.31  18.44   0.44  17.22   0.25  16.09   0.15  21.15  0.892  -0.54   1.80  17.07   0.30  18.05   0.47  16.38   0.22  14.82   0.11  20.55  0.907  -0.79   2.40  NGC2280            386.3    467.7
2001gd      18.87   0.42  18.41   0.34  16.54   0.14  14.89   0.07  22.35  0.946  -1.30   3.42  19.14   0.54  18.62   0.42  16.63   0.17  14.84   0.07  22.62  0.961  -0.62   5.84  17.26   0.30  16.86   0.25  15.37   0.13  13.86   0.06  20.74  0.958  -1.94   5.96  NGC5033            744.2    860.1
2001ig      17.92   0.28  16.59   0.15  15.51   0.09  14.47   0.06  21.40  1.000 -99.00  -9.00  17.10   0.23  15.74   0.12  14.59   0.07  13.66   0.05  20.58  1.000 -99.00  -9.00  17.55   0.36  16.81   0.25  17.91   0.42  16.10   0.18  21.03  1.000 -99.00  -9.00  NGC7424            457.9    713.5
2001is      16.88   0.17  19.21   0.50  17.69   0.25  16.11   0.12  20.36  0.789  -1.04   1.00  15.66   0.13  17.92   0.36  16.43   0.18  14.96   0.09  19.14  0.773  -1.46   1.24  15.64   0.14  17.88   0.40  16.39   0.20  14.95   0.10  19.12  0.801  -1.26   1.18  NGC1961            377.9    352.0
2002bo      14.06   0.04  14.92   0.07  13.40   0.03  11.86   0.02  17.53  0.443  -0.89   0.21  13.25   0.04  14.11   0.05  12.60   0.03  11.06   0.01  16.73  0.467  -0.91   0.19  12.98   0.04  13.84   0.06  12.33   0.03  10.79   0.02  16.46  0.469  -0.91   0.20  NGC3190            390.2    386.4
2002bu      19.24   0.48  17.80   0.25  15.93   0.11  14.29   0.05  22.72  0.932   0.18   1.76  17.79   0.33  16.35   0.17  14.65   0.08  13.06   0.04  21.27  0.927  -0.41   2.23  17.42   0.32  16.08   0.17  14.66   0.09  13.49   0.05  20.90  0.928  -0.81   2.98  NGC4242            325.8    500.6
2002cv      14.51   0.05  15.37   0.08  13.87   0.04  12.39   0.02  17.99  0.819  -2.99   0.49  13.63   0.04  14.48   0.06  12.99   0.03  11.55   0.02  17.11  0.837  -3.24   0.51  13.24   0.05  14.09   0.07  12.61   0.04  11.21   0.02  16.72  0.824  -3.31   0.58  NGC3190            429.6    410.7
2002hh      13.37   0.04  10.27   0.01   9.32   0.01   9.05   0.00  16.85  0.469  -2.70   0.35  13.07   0.03   9.88   0.01   8.92   0.00   8.68   0.00  16.55  0.453  -2.71   0.37  12.38   0.03   9.24   0.01   8.32   0.01   8.09   0.00  15.86  0.485  -2.83   0.41  NGC6946            761.0    485.3
2002kg      15.93   0.10  12.14   0.02  10.58   0.01   8.91   0.00  19.41  0.595  -0.72   0.52  15.44   0.09  11.62   0.02  10.09   0.01   8.45   0.00  18.92  0.613  -0.70   0.43  15.16   0.11  11.33   0.02   9.82   0.01   8.23   0.00  18.64  0.615  -0.70   0.53  NGC2403            635.8    600.5
2003B       18.32   0.34  17.86   0.27  16.24   0.13  14.70   0.06  21.80  0.914  -0.50   1.67  17.33   0.26  16.90   0.22  15.36   0.11  13.92   0.05  20.81  0.909  -0.79   2.06  16.57   0.24  16.17   0.20  14.81   0.11  13.51   0.06  20.05  0.927  -1.56   3.80  NGC1097            668.0    764.1
2003H       15.67   0.10  17.29   0.21  15.78   0.11  14.25   0.05  19.15  0.766  -2.19   0.64  14.95   0.09  16.57   0.19  15.06   0.09  13.54   0.05  18.43  0.783  -2.27   0.75  14.61   0.10  16.22   0.20  14.72   0.10  13.24   0.05  18.09  0.786  -2.46   1.15  NGC2207            449.5    498.3
2003J       14.86   0.06  14.15   0.05  12.76   0.02  11.60   0.01  18.34  0.632  -2.32   0.43  14.06   0.05  13.35   0.04  11.93   0.02  10.73   0.01  17.54  0.579  -2.21   0.41  13.71   0.06  13.00   0.04  11.58   0.02  10.39   0.01  17.19  0.669  -2.32   0.49  NGC4157            464.9    366.4
2003cg      13.78   0.04  14.15   0.05  12.58   0.02  10.87   0.01  17.26  0.434  -0.80   0.14  13.01   0.04  13.38   0.04  11.82   0.02  10.13   0.01  16.49  0.455  -0.86   0.08  12.70   0.04  13.06   0.05  11.51   0.02   9.82   0.01  16.18  0.471  -0.89   0.08  NGC3169            286.1    405.1
2003gs      14.32   0.05  14.77   0.07  13.24   0.03  11.64   0.02  17.80  0.335  -0.28   0.24  13.61   0.05  14.06   0.06  12.54   0.03  10.94   0.01  17.09  0.342  -0.27   0.24  13.43   0.06  13.89   0.07  12.34   0.03  10.71   0.02  16.91  0.345  -0.23   0.25  NGC936             388.2    384.8
2003hl      15.01   0.07  16.06   0.11  14.56   0.06  13.05   0.03  18.49  0.290  -0.38   0.14  14.27   0.06  15.32   0.09  13.82   0.05  12.32   0.02  17.75  0.289  -0.38   0.14  13.91   0.06  14.95   0.10  13.46   0.05  11.98   0.03  17.39  0.308  -0.47   0.16  NGC772             479.5    485.0
2003hn      15.11   0.08  15.56   0.09  14.11   0.05  12.75   0.03  18.58  0.654  -2.34   0.53  14.41   0.07  14.87   0.08  13.41   0.04  12.04   0.02  17.89  0.675  -2.35   0.58  14.15   0.08  14.61   0.09  13.13   0.05  11.73   0.02  17.62  0.697  -2.30   0.59  NGC1448            352.7    454.7
2003ie      17.26   0.20  17.02   0.18  15.45   0.09  13.97   0.04  20.74  0.762  -0.57   0.72  17.77   0.33  17.50   0.29  15.63   0.12  13.66   0.05  21.25  0.844   0.30   1.10  16.54   0.21  16.31   0.19  14.81   0.10  13.21   0.05  20.02  0.802  -0.42   0.98  NGC4051            309.2    382.3
2003iq      15.94   0.11  16.99   0.17  15.49   0.09  13.99   0.04  19.42  0.554  -0.71   0.31  15.09   0.08  16.14   0.13  14.64   0.07  13.18   0.03  18.57  0.549  -0.85   0.36  14.85   0.10  15.89   0.16  14.40   0.08  12.93   0.04  18.33  0.579  -0.86   0.43  NGC772             498.8    452.3
2003jg      13.87   0.04  13.95   0.05  12.38   0.02  10.78   0.01  17.35  0.085  -1.01   0.12  13.17   0.04  13.26   0.04  11.68   0.02  10.06   0.01  16.65  0.093  -1.03   0.12  12.86   0.04  12.95   0.04  11.36   0.02   9.75   0.01  16.34  0.096  -1.11   0.14  NGC2997            603.7    605.7
2004C       14.52   0.06  15.77   0.10  14.31   0.05  12.95   0.03  18.00  0.876  -3.64   0.59  13.65   0.05  14.90   0.09  13.45   0.04  12.12   0.02  17.13  0.886  -3.76   0.79  13.23   0.05  14.48   0.08  13.03   0.04  11.70   0.02  16.71  0.888  -4.03   1.06  NGC3683            419.2    411.7
2004W       16.53   0.15  16.22   0.13  14.70   0.07  13.08   0.03  20.00  0.835  -0.12   0.35  15.63   0.12  15.32   0.10  13.86   0.05  12.36   0.03  19.11  0.850  -0.43   0.37  15.81   0.17  15.50   0.14  13.93   0.07  12.24   0.03  19.29  0.846   0.05   0.61  NGC4649            646.6    521.9
2004ab      14.67   0.06  14.18   0.05  12.62   0.02  10.89   0.01  18.15  0.151  -0.42   0.09  13.94   0.06  13.44   0.04  11.87   0.02  10.13   0.01  17.42  0.166  -0.42   0.09  13.65   0.06  13.16   0.05  11.58   0.02   9.81   0.01  17.13  0.184  -0.45   0.13  NGC5054            404.1    412.3
2004am      11.56   0.01   8.69   0.00   7.49   0.00   6.59   0.00  15.04  0.608  -3.26   0.37  10.65   0.01   7.81   0.00   6.60   0.00   5.69   0.00  14.13  0.660  -3.51   0.38  10.22   0.01   7.39   0.00   6.13   0.00   5.20   0.00  13.70  0.704  -3.66   0.38  NGC3034            729.7    691.7
2004bv      16.03   0.12  17.72   0.25  16.22   0.13  14.68   0.06  19.51  0.420  -0.16   0.56  15.50   0.11  17.22   0.25  15.69   0.12  14.09   0.06  18.98  0.475   0.03   0.57  15.29   0.13  17.02   0.29  15.48   0.14  13.85   0.07  18.76  0.430   0.06   0.63  NGC6907            404.3    380.8
2004dj      16.14   0.12  12.84   0.03  11.39   0.01   8.63   0.00  19.62  0.910  -2.47   1.43  15.54   0.10  12.21   0.02  10.84   0.01   8.28   0.00  19.01  0.913  -2.66   2.18  15.68   0.14  12.17   0.03  10.62   0.01   8.14   0.00  19.16  0.931  -2.26   2.98  NGC2403            541.7    689.2
2004eo      19.78   0.64  22.18   1.93  20.71   0.98  19.39   0.53  23.25  0.963  -0.46   3.45 -99.00  -9.00 -99.00  -9.00 -99.00  -9.00 -99.00  -9.00 -99.00  0.962 -99.00  -9.00 -99.00  -9.00 -99.00  -9.00 -99.00  -9.00 -99.00  -9.00 -99.00  0.973 -99.00  -9.00  NGC6928            341.0    405.2
2004et      17.89   0.29  15.52   0.10  14.07   0.05  11.84   0.02  21.37 -9.000 -99.00  -9.00  17.67   0.28  15.65   0.11  13.95   0.05  11.69   0.02  21.15 -9.000 -99.00  -9.00  17.24   0.30  15.10   0.11  13.67   0.06  11.24   0.02  20.71 -9.000 -99.00  -9.00  NGC6946            454.4    484.2
2005I       17.31   0.20  20.39   0.83  18.89   0.41  17.38   0.21  20.78  0.547  -0.39   0.52  16.89   0.19  19.98   0.78  18.48   0.39  16.96   0.19  20.36  0.558  -0.23   0.74  16.40   0.20  19.48   0.83  17.98   0.42  16.47   0.21  19.88  0.567  -0.48   1.10  IC983              421.8    361.4
2005V       12.38   0.02  13.25   0.03  11.79   0.02  10.49   0.01  15.86  0.058  -0.40   0.22  11.42   0.02  12.30   0.02  10.82   0.01   9.47   0.01  14.90  0.074  -0.27   0.13  10.90   0.02  11.78   0.02  10.28   0.01   8.90   0.01  14.38  0.093  -0.14   0.13  NGC2146            400.2    407.7
2005ae      14.10   0.05  14.04   0.05  12.64   0.02  11.49   0.01  17.58  0.288  -2.97   0.29  13.14   0.04  13.08   0.04  11.69   0.02  10.54   0.01  16.62  0.326  -3.04   0.31  12.71   0.04  12.65   0.04  11.25   0.02  10.11   0.01  16.18  0.343  -3.07   0.36  E209-G09           393.4    382.6
2005af      18.30   0.32  13.66   0.04  12.11   0.02  10.86   0.01  21.78  1.000 -99.00  -9.00  17.96   0.34  13.26   0.04  11.57   0.02  10.37   0.01  21.44  1.000 -99.00  -9.00  17.59   0.37  12.70   0.04  11.27   0.02  10.02   0.01  21.07  1.000 -99.00  -9.00  NGC4945           1623.1    845.8
2005at      16.15   0.12  18.38   0.33  18.38   0.33  18.38   0.33  19.62  0.463  -0.40   0.29  15.50   0.11  17.76   0.31  17.76   0.31  17.76   0.31  18.98  0.497  -0.54   0.39  15.46   0.14  17.72   0.39  17.72   0.39  17.72   0.39  18.94  0.487  -0.28   0.45  NGC6744            651.9   1022.8
2005ay      16.60   0.14  16.05   0.10  14.57   0.05  13.15   0.03  20.08  0.582  -0.09   0.34  16.17   0.13  15.61   0.10  14.18   0.05  12.80   0.03  19.65  0.682  -0.04   0.55  15.98   0.16  15.40   0.12  13.82   0.06  12.26   0.03  19.46  0.614   0.12   0.52  NGC3938            616.4    545.2
2005cb      15.69   0.10  17.48   0.24  15.98   0.12  14.48   0.06  19.17  0.564   0.61   0.16  15.02   0.09  16.82   0.21  15.31   0.10  13.80   0.05  18.50  0.590   0.64   0.16  14.57   0.09  16.34   0.21  14.85   0.11  13.40   0.05  18.05  0.599   0.46   0.18  NGC6753            412.0    428.6
2005cc      13.58   0.04  14.82   0.06  13.36   0.03  12.03   0.02  17.05  0.093  -0.69   0.25  12.83   0.03  14.07   0.05  12.61   0.03  11.29   0.01  16.30  0.101  -0.76   0.26  12.50   0.03  13.74   0.06  12.28   0.03  10.95   0.02  15.98  0.105  -0.74   0.26  NGC5383            400.0    394.6
2005cs      14.87   0.07  13.08   0.03  11.67   0.02  10.28   0.01  18.35  0.364  -0.46   0.28  14.14   0.05  12.37   0.02  10.98   0.01   9.59   0.01  17.62  0.343  -0.51   0.30  13.88   0.06  12.10   0.03  10.71   0.01   9.34   0.01  17.36  0.388  -0.55   0.34  NGC5194            532.9    692.4
2005cz      13.87   0.04  14.19   0.05  12.66   0.02  11.02   0.01  17.35  0.352  -0.38   0.10  13.20   0.03  13.52   0.04  11.98   0.02  10.33   0.01  16.68  0.347  -0.35   0.10  12.94   0.04  13.26   0.05  11.73   0.02  10.08   0.01  16.42  0.359  -0.38   0.11  NGC4589            488.9    494.0
2005mz      16.22   0.12  19.11   0.47  17.60   0.23  16.06   0.12  19.70  0.532  -0.28   0.28  15.28   0.09  18.13   0.33  16.62   0.17  15.12   0.08  18.76  0.552  -0.53   0.35  14.97   0.10  17.80   0.38  16.30   0.19  14.82   0.10  18.45  0.539  -0.51   0.38  NGC1275            581.2    577.0
2006G       16.97   0.17  19.60   0.56  18.11   0.28  16.65   0.14  20.44  0.754  -0.49   0.63  17.20   0.25  20.04   0.94  18.49   0.46  16.81   0.21  20.67  0.808   0.32   1.05  16.08   0.17  18.81   0.60  17.29   0.30  15.73   0.15  19.55  0.725  -0.41   0.95  NGC521             270.0    264.0
2006X       15.72   0.10  15.74   0.10  14.17   0.05  12.70   0.02  19.20  0.286  -0.18   0.25  15.25   0.09  15.26   0.09  13.66   0.04  12.14   0.02  18.73  0.290  -0.04   0.31  14.94   0.10  14.96   0.10  13.38   0.05  11.86   0.02  18.42  0.309  -0.08   0.34  NGC4321            813.5    752.9
2006bp      17.03   0.17  16.98   0.17  15.50   0.08  14.02   0.04  20.50  0.843  -0.88   0.57  16.26   0.14  16.22   0.14  14.84   0.07  13.52   0.04  19.74  0.876  -1.18   0.89  16.11   0.17  16.07   0.17  14.65   0.09  13.39   0.05  19.59  0.871  -1.01   0.95  NGC3953            338.0    493.5
2006by      14.47   0.06  17.67   0.25  16.16   0.12  14.62   0.06  17.95  0.278  -0.77   0.42  13.74   0.05  16.95   0.20  15.44   0.10  13.89   0.05  17.22  0.283  -0.78   0.44  13.40   0.05  16.61   0.23  15.10   0.11  13.55   0.06  16.87  0.329  -0.79   0.53  NGC5149            500.9    494.6
2006ce      18.32   0.34  18.36   0.34  16.63   0.15  14.95   0.07  21.80  1.000 -99.00  -9.00  16.99   0.23  17.02   0.23  15.62   0.12  14.23   0.06  20.47  1.000 -99.00  -9.00  16.64   0.24  16.67   0.25  15.11   0.12  13.74   0.06  20.12  1.000 -99.00  -9.00  NGC908             541.6    374.0
2006dd      13.03   0.03  13.11   0.03  11.58   0.01   9.93   0.01  16.50  0.299  -0.43   0.10  12.38   0.03  12.46   0.03  10.93   0.01   9.29   0.01  15.86  0.327  -0.44   0.10  12.13   0.03  12.21   0.03  10.67   0.02   9.01   0.01  15.61  0.322  -0.44   0.10  NGC1316            801.7    817.1
2006mq      18.07   0.32  17.84   0.29  16.24   0.14  13.68   0.04  21.55  0.768  -0.33   1.39  17.91   0.35  17.65   0.31  15.64   0.12  13.18   0.04  21.39  0.797   0.19   1.31  16.04   0.19  15.83   0.17  14.53   0.09  12.82   0.04  19.52  0.777  -1.19   1.50  E494-G26           383.3    276.3
2006mr      12.25   0.02  12.33   0.02  10.79   0.01   9.16   0.00  15.72  0.249  -0.85   0.11  11.58   0.02  11.66   0.02  10.13   0.01   8.49   0.00  15.06  0.273  -0.88   0.11  11.33   0.02  11.42   0.02   9.87   0.01   8.22   0.00  14.81  0.269  -0.86   0.11  NGC1316            787.1    801.6
2006ov      15.19   0.08  15.94   0.12  14.43   0.06  12.91   0.03  18.67  0.488  -0.25   0.30  14.42   0.07  15.16   0.10  13.68   0.05  12.20   0.03  17.90  0.502  -0.40   0.32  14.22   0.08  14.97   0.11  13.47   0.06  11.97   0.03  17.70  0.512  -0.33   0.35  NGC4303            394.4    452.1
2007Y      -99.00  -9.00 -99.00  -9.00 -99.00  -9.00 -99.00  -9.00 -99.00  0.975 -99.00  -9.00  17.92   0.34  18.01   0.36  16.94   0.22 -99.00  -9.00  21.39  0.996  -3.14  45.85  17.48   0.36  17.60   0.38  15.87   0.17  14.64   0.10  20.95  0.977  -1.89  11.29  NGC1187            423.3    291.9
2007cj      13.99   0.05  15.53   0.09  14.05   0.05  12.63   0.02  17.47  0.015  -1.80   0.34  12.99   0.04  14.52   0.07  13.05   0.04  11.68   0.02  16.47  0.019  -1.81   0.34  12.50   0.04  14.02   0.07  12.56   0.04  11.23   0.02  15.98  0.022  -1.85   0.43  IC2531             395.8    399.2
2007gi      14.34   0.05  14.67   0.06  13.17   0.03  11.69   0.02  17.82  0.836  -3.01   0.27  13.62   0.04  13.95   0.05  12.46   0.02  10.98   0.01  17.10  0.843  -3.09   0.40  13.43   0.05  13.77   0.06  12.27   0.03  10.78   0.02  16.91  0.855  -3.01   0.42  NGC4036            325.2    290.7
2007it      15.45   0.09  15.54   0.09  14.04   0.05  12.59   0.02  18.92  0.592  -1.58   0.29  14.86   0.08  14.95   0.09  13.44   0.04  11.93   0.02  18.34  0.615  -1.49   0.29  14.70   0.10  14.79   0.10  13.25   0.05  11.70   0.02  18.18  0.639  -1.48   0.51  NGC5530            317.4    325.1
2007oc     -99.00  -9.00 -99.00  -9.00 -99.00  -9.00 -99.00  -9.00 -99.00  0.062 -99.00  -9.00 -99.00  -9.00 -99.00  -9.00 -99.00  -9.00 -99.00  -9.00 -99.00  0.066 -99.00  -9.00 -99.00  -9.00 -99.00  -9.00 -99.00  -9.00 -99.00  -9.00 -99.00  0.074 -99.00  -9.00  NGC7418A           -99.0    -99.0
2008S       16.89   0.18  14.70   0.07  13.08   0.03   9.89   0.01  20.37  0.728  -0.07   0.56  16.22   0.14  14.16   0.06  12.66   0.03   9.95   0.01  19.70  0.698  -0.40   0.62  16.06   0.18  13.85   0.06  12.21   0.03   9.54   0.01  19.54  0.734  -0.00   0.73  NGC6946            753.1    404.1
2008aw      17.14   0.18  18.70   0.38  17.20   0.19  15.69   0.09  20.62  0.787  -0.59   0.72  16.68   0.19  18.26   0.39  16.74   0.20  15.21   0.10  20.16  0.822  -0.63   1.09  16.61   0.23  18.11   0.47  16.66   0.24  15.25   0.13  20.09  0.813  -0.43   1.54  NGC4939            403.5    470.9
2008ax      15.44   0.08  14.00   0.04  12.46   0.02  10.98   0.01  18.91  0.511  -1.01   0.31  14.84   0.09  13.40   0.04  11.86   0.02  10.38   0.01  18.31  0.530  -1.01   0.33  14.68   0.09  13.22   0.05  11.63   0.02  10.11   0.01  18.16  0.512  -0.86   0.37  NGC4490            347.8    481.0
