SN       C RA--Asiago---Dec--------   RA----SAI----Dec--------  RA-Asiago-SAI-Dec--------   asec->dRA     dDec       dR    Host             RA----Host---Dec--------
2000bm   A 08:58:56.02  +05:10:15.7   08:58:56.02  -05:10:15.7  +00:00:00.00  -10:20:31.4         0.0  -37231.4   37231.4  A085856+0510     08:58:56.00  +05:10:15.0
2000bn   A 09:35:41.15  +04:32:13.3   09:35:41.15  -04:32:13.3  +00:00:00.00  -09:04:26.6         0.0  -32666.6   32666.6  A093541+0432     09:35:41.00  +04:32:13.0
2009O    A 03:29:02.35  -52:37:00.8   03:29:15.81  -52:37:11.2  +00:00:13.46  -00:00:10.4       122.6     -10.4     123.0  A032902-5237     03:29:02.00  -52:37:00.0
2012cu   A 12:53:29.35  +02:09:39.0   12:53:29.36  +02:09:09.1  +00:00:00.01  -00:00:29.9         0.1     -29.9      29.9  NGC4772          12:53:29.00  +02:10:06.0
1997ej   A 04:17:55.05  -56:37:16.3   04:17:53.49  -56:36:58.2  -00:00:01.56  +00:00:18.1       -12.9      18.1      22.2  IC2060           04:17:53.00  -56:36:59.0
2005cw   A 22:16:39.61  -21:29:28.7   22:16:40.14  -21:29:08.9  +00:00:00.53  +00:00:19.8         7.4      19.8      21.1  IC1439           22:16:40.00  -21:29:13.0
1995W    A 23:25:22.57  -57:47:45.8   23:25:20.79  -57:47:49.3  -00:00:01.78  -00:00:03.5       -14.2      -3.5      14.7  NGC7650          23:25:21.00  -57:47:24.0
1998ek   S 06:36:30.59  -37:58:40.2   06:36:31.77  -37:58:35.9  +00:00:01.18  +00:00:04.3        14.0       4.3      14.6  A063630-3758     06:36:30.00  -37:58:40.0
1997D    A 04:11:01.00  -56:29:56.0   04:11:02.27  -56:29:56.0  +00:00:01.27  +00:00:00.0        10.5       0.0      10.5  NGC1536          04:11:01.00  -56:29:13.0
1991av   A 21:56:01.74  +00:59:54.2   21:56:02.23  +00:59:59.0  +00:00:00.49  +00:00:04.8         7.3       4.8       8.8  A215601+0059     21:56:01.00  +00:59:54.0
1998ej   S 23:41:00.95  -38:56:37.2   23:41:00.60  -38:56:30.7  -00:00:00.35  +00:00:06.5        -4.1       6.5       7.7  A234100-3856     23:41:00.00  -38:56:37.0
1991F    A 10:56:02.21  +57:06:48.1   10:56:03.12  +57:06:49.5  +00:00:00.91  +00:00:01.4         7.4       1.4       7.5  NGC3458          10:56:01.00  +57:07:01.0
2011ff   A 22:45:02.28  +34:00:15.0   22:45:02.88  +34:00:15.7  +00:00:00.60  +00:00:00.7         7.5       0.7       7.5  UGC12179         22:45:04.00  +33:59:45.0
1989Z    O 11:58:33.07  +43:56:52.1   11:58:32.40  +43:56:53.7  -00:00:00.67  +00:00:01.6        -7.2       1.6       7.4  NGC4013          11:58:32.00  +43:56:48.0
1992ar   A 23:17:28.40  -44:38:53.8   23:17:28.06  -44:38:59.3  -00:00:00.34  -00:00:05.5        -3.6      -5.5       6.6  A231728-4438     23:17:28.00  -44:38:53.0
1980I    O 12:25:35.06  +12:53:34.6   12:25:35.50  +12:53:35.0  +00:00:00.44  +00:00:00.4         6.4       0.4       6.4  NGC4374          12:25:04.00  +12:53:15.0
2003jg   S 09:45:37.91  -31:11:21.0   09:45:38.40  -31:11:19.9  +00:00:00.49  +00:00:01.1         6.3       1.1       6.4  NGC2997          09:45:39.00  -31:11:28.0
2013K    A 17:39:31.54  -85:18:38.1   17:39:36.47  -85:18:38.1  +00:00:04.93  +00:00:00.0         6.0       0.0       6.0  E009-G10         17:39:31.00  -85:18:37.0
1989ae   O 02:14:41.03  +43:21:27.5   02:14:40.54  +43:21:25.2  -00:00:00.49  -00:00:02.3        -5.3      -2.3       5.8  UGC1722          02:14:41.00  +43:21:26.0
1990J    O 12:16:20.50  +12:31:48.2   12:16:20.84  +12:31:50.7  +00:00:00.34  +00:00:02.5         5.0       2.5       5.6  A121621+1231     12:16:21.00  +12:31:38.0
2005ee   S 23:57:55.83  +32:38:08.9   23:57:55.92  +32:38:14.3  +00:00:00.09  +00:00:05.4         1.1       5.4       5.5  PGC0073054       23:57:56.00  +32:38:04.0
2011am   A 12:16:26.00  -43:19:20.0   12:16:26.45  -43:19:21.1  +00:00:00.45  -00:00:01.1         4.9      -1.1       5.0  NGC4219          12:16:27.00  -43:19:27.0
2011dn   S 19:58:35.53  +02:36:11.3   19:58:35.53  +02:36:16.3  +00:00:00.00  +00:00:05.0         0.0       5.0       5.0  UGC11501         19:58:37.00  +02:36:11.0
1998bv   A 10:38:25.40  +47:42:32.8   10:38:25.71  +47:42:36.5  +00:00:00.31  +00:00:03.7         3.1       3.7       4.8  HS1035+4758      10:38:25.00  +47:42:36.0
2014au   A 14:19:28.92  -05:37:36.1   14:19:28.98  -05:37:31.4  +00:00:00.06  +00:00:04.7         0.9       4.7       4.8  PGC0051192       14:19:28.00  -05:36:52.0
1990D    S 13:43:25.56  +29:06:38.9   13:43:25.90  +29:06:38.9  +00:00:00.34  +00:00:00.0         4.5       0.0       4.5  A134325+2906     13:43:25.00  +29:06:37.0
1996aa   A 14:18:25.41  +36:29:38.7   14:18:25.16  +36:29:41.9  -00:00:00.25  +00:00:03.2        -3.0       3.2       4.4  NGC5557          14:18:26.00  +36:29:38.0
2005am   A 09:16:12.47  -16:18:16.0   09:16:12.77  -16:18:16.2  +00:00:00.30  -00:00:00.2         4.3      -0.2       4.3  NGC2811          09:16:11.00  -16:18:47.0
2012gp   A 06:20:06.24  -64:57:08.5   06:20:06.91  -64:57:08.4  +00:00:00.67  +00:00:00.1         4.3       0.1       4.3  PGC0075651       06:20:06.00  -64:57:08.0
1988ae   A 20:44:09.00  +12:24:53.0   20:44:09.08  +12:24:49.3  +00:00:00.08  -00:00:03.7         1.2      -3.7       3.9  M+02-53-02       20:44:09.00  +12:25:07.0
2011cb   A 22:47:07.49  -64:49:43.4   22:47:06.90  -64:49:43.3  -00:00:00.59  +00:00:00.1        -3.8       0.1       3.8  IC5249           22:47:06.00  -64:49:52.0
2012fr   A 03:33:35.99  -36:07:37.7   03:33:36.23  -36:07:35.4  +00:00:00.24  +00:00:02.3         2.9       2.3       3.7  NGC1365          03:33:36.00  -36:08:26.0
2014cs   O 21:35:52.97  -62:05:39.0   21:35:52.47  -62:05:39.1  -00:00:00.50  -00:00:00.1        -3.5      -0.1       3.5  PGC0349297       21:35:52.00  -62:05:46.0
1997ff   A 12:36:44.10  +62:12:44.6   12:36:44.38  +62:12:41.9  +00:00:00.28  -00:00:02.7         2.0      -2.7       3.3  A123644+6212     12:36:44.00  +62:12:44.0
1998E    A 13:29:14.30  -33:10:38.0   13:29:14.08  -33:10:36.6  -00:00:00.22  +00:00:01.4        -2.8       1.4       3.1  NGC5161          13:29:14.00  -33:10:30.0
2008hi   S 00:26:43.00  -03:35:53.4   00:26:43.16  -03:35:55.3  +00:00:00.16  -00:00:01.9         2.4      -1.9       3.1  M-01-02-15       00:26:44.00  -03:35:51.0
2011fu   A 02:08:21.41  +41:29:12.3   02:08:21.25  +41:29:09.8  -00:00:00.16  -00:00:02.5        -1.8      -2.5       3.1  UGC1626          02:08:21.00  +41:28:46.0
1996D    O 04:34:00.30  -08:34:43.9   04:34:00.50  -08:34:44.4  +00:00:00.20  -00:00:00.5         3.0      -0.5       3.0  NGC1614          04:34:00.00  -08:34:44.0
1991P    O 13:18:04.57  -15:18:14.8   13:18:04.61  -15:18:17.6  +00:00:00.04  -00:00:02.8         0.6      -2.8       2.9  A131804-1518     13:18:03.00  -15:18:07.0
1997aa   A 04:51:53.60  -04:57:36.0   04:51:53.53  -04:57:38.7  -00:00:00.07  -00:00:02.7        -1.0      -2.7       2.9  IC2102           04:51:55.00  -04:57:10.0
2007kf   A 17:31:31.76  +69:18:40.1   17:31:31.23  +69:18:39.8  -00:00:00.53  -00:00:00.3        -2.8      -0.3       2.8  A173131+6918     17:31:31.00  +69:18:40.0
1997fg   A 12:36:57.71  +62:13:15.0   12:36:57.64  +62:13:17.7  -00:00:00.07  +00:00:02.7        -0.5       2.7       2.7  A133657+6213     12:36:57.00  +62:13:15.0
2001ew   A 03:13:06.98  +42:26:15.1   03:13:07.22  +42:26:15.0  +00:00:00.24  -00:00:00.1         2.7      -0.1       2.7  A031306+4226     03:13:06.00  +42:26:15.0
1991bh   S 02:45:02.10  +15:09:33.6   02:45:02.24  +15:09:32.1  +00:00:00.14  -00:00:01.5         2.0      -1.5       2.5  A024502+1509     02:45:01.00  +15:09:50.0
1997X    A 12:48:14.28  -03:19:58.5   12:48:14.23  -03:19:56.1  -00:00:00.05  +00:00:02.4        -0.7       2.4       2.5  NGC4691          12:48:13.00  -03:19:59.0
2009hv   A 14:54:32.92  +18:39:42.0   14:54:32.90  +18:39:39.5  -00:00:00.02  -00:00:02.5        -0.3      -2.5       2.5  A145432+1839     14:54:32.00  +18:39:42.0
2012gf   A 21:45:09.63  +10:06:12.6   21:45:09.47  +10:06:13.4  -00:00:00.16  +00:00:00.8        -2.4       0.8       2.5  PGC0067294       21:45:10.00  +10:06:03.0
1996bt   O 06:51:57.90  +16:17:44.2   06:51:57.86  +16:17:41.9  -00:00:00.04  -00:00:02.3        -0.6      -2.3       2.4  A065157+1617     06:51:58.00  +16:17:43.0
2013G    A 11:53:21.32  +20:45:10.0   11:53:21.40  +20:45:07.9  +00:00:00.08  -00:00:02.1         1.1      -2.1       2.4  NGC3947          11:53:20.00  +20:45:06.0
2013dt   A 22:44:35.60  +03:38:38.0   22:44:35.45  +03:38:37.2  -00:00:00.15  -00:00:00.8        -2.2      -0.8       2.4  NGC7367          22:44:34.00  +03:38:47.0
2000C    S 07:36:57.11  +35:14:39.0   07:36:56.99  +35:14:37.2  -00:00:00.12  -00:00:01.8        -1.5      -1.8       2.3  NGC2415          07:36:56.00  +35:14:33.0
2011js   S 02:48:04.96  -13:57:51.1   02:48:05.04  -13:57:53.1  +00:00:00.08  -00:00:02.0         1.2      -2.0       2.3  NGC1103          02:48:07.00  -13:57:33.0
2003hn   S 03:44:36.27  -44:37:50.1   03:44:36.10  -44:37:49.0  -00:00:00.17  +00:00:01.1        -1.8       1.1       2.1  NGC1448          03:44:32.00  -44:38:41.0
2013bz   A 13:26:51.32  -10:01:32.2   13:26:51.18  -10:01:32.6  -00:00:00.14  -00:00:00.4        -2.1      -0.4       2.1  A132651-1001     13:26:51.00  -10:01:32.0
1998X    A 19:11:23.19  -50:38:33.8   19:11:23.33  -50:38:35.3  +00:00:00.14  -00:00:01.5         1.3      -1.5       2.0  NGC6754          19:11:25.00  -50:38:31.0
2006E    A 13:53:28.65  +05:12:22.8   13:53:28.52  +05:12:22.2  -00:00:00.13  -00:00:00.6        -1.9      -0.6       2.0  NGC5338          13:53:26.00  +05:12:29.0
2010ik   S 00:12:07.65  +41:45:24.4   00:12:07.47  +41:45:24.6  -00:00:00.18  +00:00:00.2        -2.0       0.2       2.0  UGC112           00:12:09.00  +41:45:12.0
2014ci   A 22:34:04.80  +68:26:24.0   22:34:04.53  +68:26:25.4  -00:00:00.27  +00:00:01.4        -1.5       1.4       2.0  PGC0166758       22:34:05.00  +68:26:30.0
1950N?   - 17:03:44.70  +00:25:28.0
1950O?   - 16:15:09.39  +18:57:14.4
1953J?   - 00:44:55.66  +16:56:10.8
1953L?   - 05:15:46.52  +71:27:41.6
1954ac?  - 00:43:50.78  +32:50:32.9
1954ad?  - 08:32:46.37  +00:13:33.7
1955R?   - 12:34:42.49  +49:19:54.8
1955S?   - 15:36:40.61  +43:32:38.0
1961V?   - 02:43:36.42  +37:20:43.5
1962R?   - 02:21:31.10  +39:22:58.0
1966O?   - 11:16:13.00  +29:21:37.0
1975U?   - 00:29:13.14  -60:04:29.5
1975V?   - 20:18:13.20  -69:03:38.0
1976O?   - 20:23:24.81  -50:32:29.5
1976P?   - 08:08:01.90  -65:46:04.8
1976Q?   - 21:20:54.92  -67:13:24.2
1977I?   - 01:08:06.35  -27:38:03.9
1978L?   - 20:46:34.25  -53:19:10.3
1979G?   - 02:58:18.34  -04:49:10.2
1982Z?   - 07:35:38.05  -47:16:47.4
1983M?   - 22:56:48.00  -36:45:41.6
1985K?   - 12:59:16.18  +27:59:03.7
1985T?   - 19:03:28.54  -65:36:12.4
1988ad?  - 01:25:23.74  -01:22:50.6
1989X?   - 07:28:15.47  +63:54:22.8
1990ak?  - 13:24:54.87  -32:25:25.8
1991Z?   - 10:54:40.51  -04:12:28.7
1997bs?  - 11:20:14.25  +12:58:19.6
1999bw?  - 10:19:46.81  +45:31:35.0
1999gv?  - 16:36:01.69  +66:12:33.3
2000af?  - 11:48:55.71  -00:58:36.2
2000ch?  - 10:52:41.40  +36:40:08.5
2001ac?  - 11:03:15.37  +27:58:29.5
2002bu?  - 12:17:37.18  +45:38:47.4
2002kg?  - 07:37:01.83  +65:34:29.3
2003gm?  - 13:52:51.72  -01:06:39.2
2003ma   - 05:31:01.88  -70:04:15.9
2006bv?  - 12:41:01.55  +63:31:11.6
2006fp?  - 22:45:41.13  +73:09:47.8
2007sv?  - 10:52:40.05  +67:59:14.2
2008S?   - 20:34:45.35  +60:05:57.8
2010da?  - 00:55:04.86  -37:41:43.7
2010dn?  - 10:18:19.89  +41:26:28.8
2014do   A 08:17:47.37  -30:07:20.9
2014dp   A 08:19:37.98  -22:34:14.7
2014dq   A 22:23:16.09  -28:58:31.8
2014dr   A 03:22:46.39  +00:09:20.7
2014ds   A 08:11:16.45  +25:10:47.4
2014dt   A 12:21:57.57  +04:28:18.5
