CREATE SCHEMA
GRANT
SET
psql:references.sql:8: NOTICE:  CREATE TABLE / PRIMARY KEY will create implicit index "sntypes_pkey" for table "sntypes"
CREATE TABLE
COMMENT
psql:references.sql:18: NOTICE:  CREATE TABLE / PRIMARY KEY will create implicit index "survey_pkey" for table "survey"
CREATE TABLE
COMMENT
psql:references.sql:28: NOTICE:  CREATE TABLE / PRIMARY KEY will create implicit index "band_pkey" for table "band"
CREATE TABLE
COMMENT
psql:references.sql:38: NOTICE:  CREATE TABLE / PRIMARY KEY will create implicit index "qualification_pkey" for table "qualification"
CREATE TABLE
COMMENT
psql:references.sql:47: NOTICE:  CREATE TABLE / PRIMARY KEY will create implicit index "optmaglim_pkey" for table "optmaglim"
CREATE TABLE
COMMENT
psql:references.sql:55: NOTICE:  CREATE TABLE / PRIMARY KEY will create implicit index "cats_pkey" for table "cats"
CREATE TABLE
COMMENT
psql:references.sql:64: NOTICE:  CREATE TABLE / PRIMARY KEY will create implicit index "properties_pkey" for table "properties"
CREATE TABLE
COMMENT
SET
psql:sncat.sql:21: NOTICE:  CREATE TABLE / PRIMARY KEY will create implicit index "galaxies_pkey" for table "galaxies"
CREATE TABLE
COMMENT
COMMENT
COMMENT
COMMENT
COMMENT
COMMENT
COMMENT
COMMENT
COMMENT
COMMENT
COMMENT
COMMENT
COMMENT
COMMENT
COMMENT
psql:sncat.sql:65: NOTICE:  CREATE TABLE / PRIMARY KEY will create implicit index "sn_pkey" for table "sn"
CREATE TABLE
COMMENT
COMMENT
COMMENT
COMMENT
COMMENT
COMMENT
COMMENT
COMMENT
COMMENT
COMMENT
COMMENT
COMMENT
COMMENT
COMMENT
COMMENT
COMMENT
COMMENT
COMMENT
COMMENT
COMMENT
COMMENT
psql:sncat.sql:96: NOTICE:  CREATE TABLE / UNIQUE will create implicit index "map_gid_key" for table "map"
CREATE TABLE
COMMENT
COMMENT
COMMENT
COMMENT
COMMENT
COMMENT
