CREATE SCHEMA
GRANT
SET
psql:references.sql:8: NOTICE:  CREATE TABLE / PRIMARY KEY will create implicit index "sntypes_pkey" for table "sntypes"
CREATE TABLE
COMMENT
psql:references.sql:18: NOTICE:  CREATE TABLE / PRIMARY KEY will create implicit index "survey_pkey" for table "survey"
CREATE TABLE
COMMENT
psql:references.sql:28: NOTICE:  CREATE TABLE / PRIMARY KEY will create implicit index "band_pkey" for table "band"
CREATE TABLE
COMMENT
psql:references.sql:36: NOTICE:  CREATE TABLE / PRIMARY KEY will create implicit index "qualification_pkey" for table "qualification"
CREATE TABLE
COMMENT
psql:references.sql:44: NOTICE:  CREATE TABLE / PRIMARY KEY will create implicit index "optmaglim_pkey" for table "optmaglim"
CREATE TABLE
COMMENT
psql:references.sql:51: NOTICE:  CREATE TABLE / PRIMARY KEY will create implicit index "gcats_pkey" for table "gcats"
CREATE TABLE
COMMENT
psql:references.sql:58: NOTICE:  CREATE TABLE / PRIMARY KEY will create implicit index "sncats_pkey" for table "sncats"
CREATE TABLE
COMMENT
SET
psql:sncat.sql:18: NOTICE:  CREATE TABLE / PRIMARY KEY will create implicit index "galex_obs_pkey" for table "galex_obs"
CREATE TABLE
COMMENT
COMMENT
COMMENT
COMMENT
COMMENT
COMMENT
COMMENT
COMMENT
COMMENT
COMMENT
COMMENT
COMMENT
psql:sncat.sql:170: NOTICE:  CREATE TABLE / PRIMARY KEY will create implicit index "sitemeas_pkey" for table "sitemeas"
CREATE TABLE
COMMENT
COMMENT
COMMENT
COMMENT
COMMENT
COMMENT
COMMENT
COMMENT
COMMENT
COMMENT
COMMENT
COMMENT
COMMENT
COMMENT
COMMENT
COMMENT
COMMENT
COMMENT
COMMENT
COMMENT
COMMENT
COMMENT
COMMENT
COMMENT
COMMENT
COMMENT
COMMENT
psql:sncat.sql:260: NOTICE:  CREATE TABLE / PRIMARY KEY will create implicit index "hostmeas_pkey" for table "hostmeas"
CREATE TABLE
COMMENT
COMMENT
COMMENT
COMMENT
COMMENT
COMMENT
COMMENT
COMMENT
COMMENT
COMMENT
COMMENT
COMMENT
COMMENT
psql:sncat.sql:301: NOTICE:  CREATE TABLE / PRIMARY KEY will create implicit index "galaxies_pkey" for table "galaxies"
CREATE TABLE
COMMENT
COMMENT
COMMENT
COMMENT
COMMENT
COMMENT
COMMENT
COMMENT
COMMENT
COMMENT
COMMENT
COMMENT
COMMENT
COMMENT
COMMENT
COMMENT
COMMENT
COMMENT
COMMENT
COMMENT
COMMENT
COMMENT
COMMENT
psql:sncat.sql:350: NOTICE:  CREATE TABLE / PRIMARY KEY will create implicit index "lcfit_pkey" for table "lcfit"
CREATE TABLE
COMMENT
COMMENT
COMMENT
COMMENT
COMMENT
COMMENT
COMMENT
COMMENT
COMMENT
COMMENT
COMMENT
COMMENT
COMMENT
COMMENT
COMMENT
COMMENT
COMMENT
COMMENT
COMMENT
COMMENT
COMMENT
COMMENT
psql:sncat.sql:388: NOTICE:  CREATE TABLE / PRIMARY KEY will create implicit index "sn_pkey" for table "sn"
CREATE TABLE
COMMENT
COMMENT
psql:sncat.sql:391: ERROR:  column "qsn" of relation "sn" does not exist
psql:sncat.sql:392: ERROR:  column "qgid" of relation "sn" does not exist
psql:sncat.sql:393: ERROR:  column "type" of relation "sn" does not exist
psql:sncat.sql:394: ERROR:  column "qtype" of relation "sn" does not exist
COMMENT
COMMENT
COMMENT
psql:sncat.sql:398: ERROR:  column "qpid" of relation "sn" does not exist
COMMENT
COMMENT
psql:sncat.sql:401: ERROR:  column "czerr" of relation "sn" does not exist
psql:sncat.sql:402: ERROR:  column "off_ew" of relation "sn" does not exist
psql:sncat.sql:403: ERROR:  column "off_ns" of relation "sn" does not exist
COMMENT
psql:sncat.sql:405: ERROR:  column "mag" of relation "sn" does not exist
psql:sncat.sql:406: ERROR:  column "qmag" of relation "sn" does not exist
psql:sncat.sql:407: ERROR:  column "lid" of relation "sn" does not exist
psql:sncat.sql:408: ERROR:  column "bandid" of relation "sn" does not exist
psql:sncat.sql:409: ERROR:  column "optdisc" of relation "sn" does not exist
psql:sncat.sql:410: ERROR:  column "discdate" of relation "sn" does not exist
psql:sncat.sql:411: ERROR:  column "maxdate" of relation "sn" does not exist
psql:sncat.sql:412: ERROR:  column "survey" of relation "sn" does not exist
psql:sncat.sql:413: ERROR:  column "discoverer" of relation "sn" does not exist
psql:sncat.sql:414: ERROR:  column "comment" of relation "sn" does not exist
COMMENT
